[debug] [2025-06-25T11:13:12.552Z] ----------------------------------------------------------------------
[debug] [2025-06-25T11:13:12.564Z] Command:       /nix/store/rbdrkcs5kkwpalxcd7c6bnm33lk2955n-nodejs-20.19.0/bin/node /nix/store/nh3zwzkz6wh6qa7bd2ywzr7irjij7j1i-firebase-tools-14.3.1/lib/node_modules/firebase-tools/lib/bin/firebase.js deploy --only functions
[debug] [2025-06-25T11:13:12.568Z] CLI Version:   14.3.1
[debug] [2025-06-25T11:13:12.569Z] Platform:      linux
[debug] [2025-06-25T11:13:12.569Z] Node Version:  v20.19.0
[debug] [2025-06-25T11:13:12.570Z] Time:          Wed Jun 25 2025 11:13:12 GMT+0000 (Coordinated Universal Time)
[debug] [2025-06-25T11:13:12.570Z] ----------------------------------------------------------------------
[debug] 
[debug] [2025-06-25T11:13:13.951Z] > command requires scopes: ["email","openid","https://www.googleapis.com/auth/cloudplatformprojects.readonly","https://www.googleapis.com/auth/firebase","https://www.googleapis.com/auth/cloud-platform"]
[debug] [2025-06-25T11:13:13.954Z] > authorizing via signed-in user (beriandirully@gmail.com)
[debug] [2025-06-25T11:13:13.955Z] [iam] checking project hssetech-e1710 for permissions ["cloudfunctions.functions.create","cloudfunctions.functions.delete","cloudfunctions.functions.get","cloudfunctions.functions.list","cloudfunctions.functions.update","cloudfunctions.operations.get","firebase.projects.get"]
[debug] [2025-06-25T11:13:13.963Z] Checked if tokens are valid: false, expires at: 1750845523865
[debug] [2025-06-25T11:13:13.964Z] Checked if tokens are valid: false, expires at: 1750845523865
[debug] [2025-06-25T11:13:13.964Z] > refreshing access token with scopes: []
[debug] [2025-06-25T11:13:13.971Z] >>> [apiv2][query] POST https://www.googleapis.com/oauth2/v3/token [none]
[debug] [2025-06-25T11:13:13.972Z] >>> [apiv2][body] POST https://www.googleapis.com/oauth2/v3/token [omitted]
[debug] [2025-06-25T11:13:14.302Z] <<< [apiv2][status] POST https://www.googleapis.com/oauth2/v3/token 200
[debug] [2025-06-25T11:13:14.303Z] <<< [apiv2][body] POST https://www.googleapis.com/oauth2/v3/token [omitted]
[debug] [2025-06-25T11:13:14.315Z] >>> [apiv2][query] POST https://cloudresourcemanager.googleapis.com/v1/projects/hssetech-e1710:testIamPermissions [none]
[debug] [2025-06-25T11:13:14.315Z] >>> [apiv2][(partial)header] POST https://cloudresourcemanager.googleapis.com/v1/projects/hssetech-e1710:testIamPermissions x-goog-quota-user=projects/hssetech-e1710
[debug] [2025-06-25T11:13:14.315Z] >>> [apiv2][body] POST https://cloudresourcemanager.googleapis.com/v1/projects/hssetech-e1710:testIamPermissions {"permissions":["cloudfunctions.functions.create","cloudfunctions.functions.delete","cloudfunctions.functions.get","cloudfunctions.functions.list","cloudfunctions.functions.update","cloudfunctions.operations.get","firebase.projects.get"]}
[debug] [2025-06-25T11:13:14.970Z] <<< [apiv2][status] POST https://cloudresourcemanager.googleapis.com/v1/projects/hssetech-e1710:testIamPermissions 200
[debug] [2025-06-25T11:13:14.970Z] <<< [apiv2][body] POST https://cloudresourcemanager.googleapis.com/v1/projects/hssetech-e1710:testIamPermissions {"permissions":["cloudfunctions.functions.create","cloudfunctions.functions.delete","cloudfunctions.functions.get","cloudfunctions.functions.list","cloudfunctions.functions.update","cloudfunctions.operations.get","firebase.projects.get"]}
[debug] [2025-06-25T11:13:14.973Z] Checked if tokens are valid: true, expires at: 1750853593303
[debug] [2025-06-25T11:13:14.973Z] Checked if tokens are valid: true, expires at: 1750853593303
[debug] [2025-06-25T11:13:14.973Z] >>> [apiv2][query] POST https://iam.googleapis.com/v1/projects/hssetech-e1710/serviceAccounts/hssetech-e1710@appspot.gserviceaccount.com:testIamPermissions [none]
[debug] [2025-06-25T11:13:14.974Z] >>> [apiv2][body] POST https://iam.googleapis.com/v1/projects/hssetech-e1710/serviceAccounts/hssetech-e1710@appspot.gserviceaccount.com:testIamPermissions {"permissions":["iam.serviceAccounts.actAs"]}
[debug] [2025-06-25T11:13:15.643Z] <<< [apiv2][status] POST https://iam.googleapis.com/v1/projects/hssetech-e1710/serviceAccounts/hssetech-e1710@appspot.gserviceaccount.com:testIamPermissions 200
[debug] [2025-06-25T11:13:15.643Z] <<< [apiv2][body] POST https://iam.googleapis.com/v1/projects/hssetech-e1710/serviceAccounts/hssetech-e1710@appspot.gserviceaccount.com:testIamPermissions {"permissions":["iam.serviceAccounts.actAs"]}
[info] 
[info] === Deploying to 'hssetech-e1710'...
[info] 
[info] i  deploying functions 
[debug] [2025-06-25T11:13:15.657Z] Checked if tokens are valid: true, expires at: 1750853593303
[debug] [2025-06-25T11:13:15.658Z] Checked if tokens are valid: true, expires at: 1750853593303
[debug] [2025-06-25T11:13:15.658Z] >>> [apiv2][query] GET https://serviceusage.googleapis.com/v1/projects/hssetech-e1710/services/cloudresourcemanager.googleapis.com [none]
[debug] [2025-06-25T11:13:15.658Z] >>> [apiv2][(partial)header] GET https://serviceusage.googleapis.com/v1/projects/hssetech-e1710/services/cloudresourcemanager.googleapis.com x-goog-quota-user=projects/hssetech-e1710
[debug] [2025-06-25T11:13:16.509Z] <<< [apiv2][status] GET https://serviceusage.googleapis.com/v1/projects/hssetech-e1710/services/cloudresourcemanager.googleapis.com 200
[debug] [2025-06-25T11:13:16.509Z] <<< [apiv2][body] GET https://serviceusage.googleapis.com/v1/projects/hssetech-e1710/services/cloudresourcemanager.googleapis.com [omitted]
[debug] [2025-06-25T11:13:16.510Z] Checked if tokens are valid: true, expires at: 1750853593303
[debug] [2025-06-25T11:13:16.510Z] Checked if tokens are valid: true, expires at: 1750853593303
[debug] [2025-06-25T11:13:16.510Z] >>> [apiv2][query] GET https://cloudresourcemanager.googleapis.com/v1/projects/hssetech-e1710 [none]
[debug] [2025-06-25T11:13:16.703Z] <<< [apiv2][status] GET https://cloudresourcemanager.googleapis.com/v1/projects/hssetech-e1710 200
[debug] [2025-06-25T11:13:16.704Z] <<< [apiv2][body] GET https://cloudresourcemanager.googleapis.com/v1/projects/hssetech-e1710 {"projectNumber":"789147047426","projectId":"hssetech-e1710","lifecycleState":"ACTIVE","name":"HSSETech","labels":{"firebase":"enabled","firebase-core":"disabled"},"createTime":"2025-06-18T08:30:49.707258Z"}
[info] i  functions: preparing codebase default for deployment 
[info] i  functions: ensuring required API cloudfunctions.googleapis.com is enabled... 
[debug] [2025-06-25T11:13:16.709Z] Checked if tokens are valid: true, expires at: 1750853593303
[debug] [2025-06-25T11:13:16.709Z] Checked if tokens are valid: true, expires at: 1750853593303
[debug] [2025-06-25T11:13:16.710Z] Checked if tokens are valid: true, expires at: 1750853593303
[debug] [2025-06-25T11:13:16.710Z] Checked if tokens are valid: true, expires at: 1750853593303
[info] i  functions: ensuring required API cloudbuild.googleapis.com is enabled... 
[debug] [2025-06-25T11:13:16.711Z] Checked if tokens are valid: true, expires at: 1750853593303
[debug] [2025-06-25T11:13:16.711Z] Checked if tokens are valid: true, expires at: 1750853593303
[info] i  artifactregistry: ensuring required API artifactregistry.googleapis.com is enabled... 
[debug] [2025-06-25T11:13:16.712Z] Checked if tokens are valid: true, expires at: 1750853593303
[debug] [2025-06-25T11:13:16.712Z] Checked if tokens are valid: true, expires at: 1750853593303
[debug] [2025-06-25T11:13:16.712Z] >>> [apiv2][query] GET https://serviceusage.googleapis.com/v1/projects/hssetech-e1710/services/cloudfunctions.googleapis.com [none]
[debug] [2025-06-25T11:13:16.712Z] >>> [apiv2][(partial)header] GET https://serviceusage.googleapis.com/v1/projects/hssetech-e1710/services/cloudfunctions.googleapis.com x-goog-quota-user=projects/hssetech-e1710
[debug] [2025-06-25T11:13:16.713Z] >>> [apiv2][query] GET https://serviceusage.googleapis.com/v1/projects/hssetech-e1710/services/runtimeconfig.googleapis.com [none]
[debug] [2025-06-25T11:13:16.713Z] >>> [apiv2][(partial)header] GET https://serviceusage.googleapis.com/v1/projects/hssetech-e1710/services/runtimeconfig.googleapis.com x-goog-quota-user=projects/hssetech-e1710
[debug] [2025-06-25T11:13:16.719Z] >>> [apiv2][query] GET https://serviceusage.googleapis.com/v1/projects/hssetech-e1710/services/cloudbuild.googleapis.com [none]
[debug] [2025-06-25T11:13:16.720Z] >>> [apiv2][(partial)header] GET https://serviceusage.googleapis.com/v1/projects/hssetech-e1710/services/cloudbuild.googleapis.com x-goog-quota-user=projects/hssetech-e1710
[debug] [2025-06-25T11:13:16.724Z] >>> [apiv2][query] GET https://serviceusage.googleapis.com/v1/projects/hssetech-e1710/services/artifactregistry.googleapis.com [none]
[debug] [2025-06-25T11:13:16.724Z] >>> [apiv2][(partial)header] GET https://serviceusage.googleapis.com/v1/projects/hssetech-e1710/services/artifactregistry.googleapis.com x-goog-quota-user=projects/hssetech-e1710
[debug] [2025-06-25T11:13:17.526Z] <<< [apiv2][status] GET https://serviceusage.googleapis.com/v1/projects/hssetech-e1710/services/cloudfunctions.googleapis.com 200
[debug] [2025-06-25T11:13:17.527Z] <<< [apiv2][body] GET https://serviceusage.googleapis.com/v1/projects/hssetech-e1710/services/cloudfunctions.googleapis.com [omitted]
[info] ✔  functions: required API cloudfunctions.googleapis.com is enabled 
[debug] [2025-06-25T11:13:17.540Z] <<< [apiv2][status] GET https://serviceusage.googleapis.com/v1/projects/hssetech-e1710/services/cloudbuild.googleapis.com 200
[debug] [2025-06-25T11:13:17.540Z] <<< [apiv2][body] GET https://serviceusage.googleapis.com/v1/projects/hssetech-e1710/services/cloudbuild.googleapis.com [omitted]
[info] ✔  functions: required API cloudbuild.googleapis.com is enabled 
[debug] [2025-06-25T11:13:17.562Z] <<< [apiv2][status] GET https://serviceusage.googleapis.com/v1/projects/hssetech-e1710/services/artifactregistry.googleapis.com 200
[debug] [2025-06-25T11:13:17.563Z] <<< [apiv2][body] GET https://serviceusage.googleapis.com/v1/projects/hssetech-e1710/services/artifactregistry.googleapis.com [omitted]
[info] ✔  artifactregistry: required API artifactregistry.googleapis.com is enabled 
[debug] [2025-06-25T11:13:17.571Z] <<< [apiv2][status] GET https://serviceusage.googleapis.com/v1/projects/hssetech-e1710/services/runtimeconfig.googleapis.com 200
[debug] [2025-06-25T11:13:17.572Z] <<< [apiv2][body] GET https://serviceusage.googleapis.com/v1/projects/hssetech-e1710/services/runtimeconfig.googleapis.com [omitted]
[debug] [2025-06-25T11:13:17.575Z] Checked if tokens are valid: true, expires at: 1750853593303
[debug] [2025-06-25T11:13:17.575Z] Checked if tokens are valid: true, expires at: 1750853593303
[debug] [2025-06-25T11:13:17.576Z] >>> [apiv2][query] GET https://firebase.googleapis.com/v1beta1/projects/hssetech-e1710/adminSdkConfig [none]
[debug] [2025-06-25T11:13:17.952Z] <<< [apiv2][status] GET https://firebase.googleapis.com/v1beta1/projects/hssetech-e1710/adminSdkConfig 200
[debug] [2025-06-25T11:13:17.952Z] <<< [apiv2][body] GET https://firebase.googleapis.com/v1beta1/projects/hssetech-e1710/adminSdkConfig {"projectId":"hssetech-e1710","storageBucket":"hssetech-e1710.firebasestorage.app"}
[debug] [2025-06-25T11:13:17.953Z] Checked if tokens are valid: true, expires at: 1750853593303
[debug] [2025-06-25T11:13:17.953Z] Checked if tokens are valid: true, expires at: 1750853593303
[debug] [2025-06-25T11:13:17.953Z] >>> [apiv2][query] GET https://runtimeconfig.googleapis.com/v1beta1/projects/hssetech-e1710/configs [none]
[debug] [2025-06-25T11:13:18.135Z] <<< [apiv2][status] GET https://runtimeconfig.googleapis.com/v1beta1/projects/hssetech-e1710/configs 200
[debug] [2025-06-25T11:13:18.135Z] <<< [apiv2][body] GET https://runtimeconfig.googleapis.com/v1beta1/projects/hssetech-e1710/configs {}
[debug] [2025-06-25T11:13:18.138Z] Validating nodejs source
[debug] [2025-06-25T11:13:19.150Z] > [functions] package.json contents: {
  "name": "functions",
  "description": "Cloud Functions for Firebase",
  "scripts": {
    "serve": "firebase emulators:start --only functions",
    "shell": "firebase functions:shell",
    "start": "npm run shell",
    "deploy": "firebase deploy --only functions",
    "logs": "firebase functions:log"
  },
  "engines": {
    "node": "22"
  },
  "main": "index.js",
  "dependencies": {
    "busboy": "^1.6.0",
    "cors": "^2.8.5",
    "firebase-admin": "^12.6.0",
    "firebase-functions": "^6.0.1"
  },
  "devDependencies": {
    "eslint": "^8.15.0",
    "eslint-config-google": "^0.14.0",
    "firebase-functions-test": "^3.1.0"
  },
  "private": true
}
[debug] [2025-06-25T11:13:19.151Z] Building nodejs source
[info] i  functions: Loading and analyzing source code for codebase default to determine what to deploy 
[debug] [2025-06-25T11:13:19.154Z] Could not find functions.yaml. Must use http discovery
[debug] [2025-06-25T11:13:19.168Z] Found firebase-functions binary at '/home/user/studio/functions/node_modules/.bin/firebase-functions'
[info] Serving at port 8992

[debug] [2025-06-25T11:13:23.461Z] Got response from /__/functions.yaml {"endpoints":{"uploadPhoto":{"availableMemoryMb":null,"timeoutSeconds":null,"minInstances":null,"maxInstances":null,"ingressSettings":null,"concurrency":null,"serviceAccountEmail":null,"vpc":null,"platform":"gcfv2","labels":{},"httpsTrigger":{},"entryPoint":"uploadPhoto"}},"specVersion":"v1alpha1","requiredAPIs":[],"extensions":{}}
[info] i  extensions: ensuring required API firebaseextensions.googleapis.com is enabled... 
[debug] [2025-06-25T11:13:23.533Z] Checked if tokens are valid: true, expires at: 1750853593303
[debug] [2025-06-25T11:13:23.533Z] Checked if tokens are valid: true, expires at: 1750853593303
[debug] [2025-06-25T11:13:23.533Z] >>> [apiv2][query] GET https://serviceusage.googleapis.com/v1/projects/hssetech-e1710/services/firebaseextensions.googleapis.com [none]
[debug] [2025-06-25T11:13:23.533Z] >>> [apiv2][(partial)header] GET https://serviceusage.googleapis.com/v1/projects/hssetech-e1710/services/firebaseextensions.googleapis.com x-goog-quota-user=projects/hssetech-e1710
[debug] [2025-06-25T11:13:24.401Z] <<< [apiv2][status] GET https://serviceusage.googleapis.com/v1/projects/hssetech-e1710/services/firebaseextensions.googleapis.com 200
[debug] [2025-06-25T11:13:24.401Z] <<< [apiv2][body] GET https://serviceusage.googleapis.com/v1/projects/hssetech-e1710/services/firebaseextensions.googleapis.com [omitted]
[info] ✔  extensions: required API firebaseextensions.googleapis.com is enabled 
[debug] [2025-06-25T11:13:24.408Z] > command requires scopes: ["email","openid","https://www.googleapis.com/auth/cloudplatformprojects.readonly","https://www.googleapis.com/auth/firebase","https://www.googleapis.com/auth/cloud-platform"]
[debug] [2025-06-25T11:13:24.409Z] > authorizing via signed-in user (beriandirully@gmail.com)
[debug] [2025-06-25T11:13:24.409Z] [iam] checking project hssetech-e1710 for permissions ["firebase.projects.get","firebaseextensions.instances.list"]
[debug] [2025-06-25T11:13:24.409Z] Checked if tokens are valid: true, expires at: 1750853593303
[debug] [2025-06-25T11:13:24.409Z] Checked if tokens are valid: true, expires at: 1750853593303
[debug] [2025-06-25T11:13:24.412Z] >>> [apiv2][query] POST https://cloudresourcemanager.googleapis.com/v1/projects/hssetech-e1710:testIamPermissions [none]
[debug] [2025-06-25T11:13:24.413Z] >>> [apiv2][(partial)header] POST https://cloudresourcemanager.googleapis.com/v1/projects/hssetech-e1710:testIamPermissions x-goog-quota-user=projects/hssetech-e1710
[debug] [2025-06-25T11:13:24.413Z] >>> [apiv2][body] POST https://cloudresourcemanager.googleapis.com/v1/projects/hssetech-e1710:testIamPermissions {"permissions":["firebase.projects.get","firebaseextensions.instances.list"]}
[debug] [2025-06-25T11:13:25.103Z] <<< [apiv2][status] POST https://cloudresourcemanager.googleapis.com/v1/projects/hssetech-e1710:testIamPermissions 200
[debug] [2025-06-25T11:13:25.114Z] <<< [apiv2][body] POST https://cloudresourcemanager.googleapis.com/v1/projects/hssetech-e1710:testIamPermissions {"permissions":["firebase.projects.get","firebaseextensions.instances.list"]}
[debug] [2025-06-25T11:13:25.121Z] Checked if tokens are valid: true, expires at: 1750853593303
[debug] [2025-06-25T11:13:25.122Z] Checked if tokens are valid: true, expires at: 1750853593303
[debug] [2025-06-25T11:13:25.128Z] >>> [apiv2][query] GET https://firebaseextensions.googleapis.com/v1beta/projects/hssetech-e1710/instances pageSize=100&pageToken=
[debug] [2025-06-25T11:13:25.994Z] <<< [apiv2][status] GET https://firebaseextensions.googleapis.com/v1beta/projects/hssetech-e1710/instances 200
[debug] [2025-06-25T11:13:25.994Z] <<< [apiv2][body] GET https://firebaseextensions.googleapis.com/v1beta/projects/hssetech-e1710/instances {}
[info] i  functions: preparing functions directory for uploading... 
[info] i  functions: packaged /home/user/studio/functions (79.23 KB) for uploading 
[debug] [2025-06-25T11:13:26.166Z] Checked if tokens are valid: true, expires at: 1750853593303
[debug] [2025-06-25T11:13:26.166Z] Checked if tokens are valid: true, expires at: 1750853593303
[debug] [2025-06-25T11:13:26.167Z] >>> [apiv2][query] GET https://cloudfunctions.googleapis.com/v1/projects/hssetech-e1710/locations/-/functions [none]
[debug] [2025-06-25T11:13:27.918Z] <<< [apiv2][status] GET https://cloudfunctions.googleapis.com/v1/projects/hssetech-e1710/locations/-/functions 200
[debug] [2025-06-25T11:13:27.918Z] <<< [apiv2][body] GET https://cloudfunctions.googleapis.com/v1/projects/hssetech-e1710/locations/-/functions {}
[debug] [2025-06-25T11:13:27.919Z] Checked if tokens are valid: true, expires at: 1750853593303
[debug] [2025-06-25T11:13:27.919Z] Checked if tokens are valid: true, expires at: 1750853593303
[debug] [2025-06-25T11:13:27.920Z] >>> [apiv2][query] GET https://cloudfunctions.googleapis.com/v2/projects/hssetech-e1710/locations/-/functions filter=environment%3D%22GEN_2%22
[debug] [2025-06-25T11:13:29.894Z] <<< [apiv2][status] GET https://cloudfunctions.googleapis.com/v2/projects/hssetech-e1710/locations/-/functions 200
[debug] [2025-06-25T11:13:29.895Z] <<< [apiv2][body] GET https://cloudfunctions.googleapis.com/v2/projects/hssetech-e1710/locations/-/functions {"functions":[{"name":"projects/hssetech-e1710/locations/us-central1/functions/processNewDocument","buildConfig":{"build":"projects/789147047426/locations/us-central1/builds/d3173d69-fc7e-44d7-8eb3-7bf79e8047db","runtime":"nodejs22","entryPoint":"processNewDocument","source":{"storageSource":{"bucket":"gcf-v2-sources-789147047426-us-central1","object":"processNewDocument/function-source.zip","generation":"1750767750876643"}},"environmentVariables":{"GOOGLE_NODE_RUN_SCRIPTS":""},"dockerRepository":"projects/hssetech-e1710/locations/us-central1/repositories/gcf-artifacts","sourceProvenance":{"resolvedStorageSource":{"bucket":"gcf-v2-sources-789147047426-us-central1","object":"processNewDocument/function-source.zip","generation":"1750767750876643"}},"dockerRegistry":"ARTIFACT_REGISTRY","serviceAccount":"projects/hssetech-e1710/serviceAccounts/789147047426-compute@developer.gserviceaccount.com","automaticUpdatePolicy":{}},"serviceConfig":{"service":"projects/hssetech-e1710/locations/us-central1/services/processnewdocument","timeoutSeconds":60,"environmentVariables":{"FIREBASE_CONFIG":"{\"projectId\":\"hssetech-e1710\",\"storageBucket\":\"hssetech-e1710.firebasestorage.app\"}","GCLOUD_PROJECT":"hssetech-e1710","EVENTARC_CLOUD_EVENT_SOURCE":"projects/hssetech-e1710/locations/us-central1/services/processNewDocument","FUNCTION_TARGET":"processNewDocument","LOG_EXECUTION_ID":"true"},"maxInstanceCount":3,"ingressSettings":"ALLOW_ALL","uri":"https://processnewdocument-gnpygj434a-uc.a.run.app","serviceAccountEmail":"789147047426-compute@developer.gserviceaccount.com","availableMemory":"512Mi","allTrafficOnLatestRevision":true,"revision":"processnewdocument-00008-biw","maxInstanceRequestConcurrency":80,"availableCpu":"1"},"state":"ACTIVE","updateTime":"2025-06-24T12:23:26.185202946Z","labels":{"deployment-tool":"cli-firebase--project-idx","deployment-callable":"true","firebase-functions-hash":"d6b3d72a9d3989c3a2c560476ebe50a9dff6a2b6"},"environment":"GEN_2","url":"https://us-central1-hssetech-e1710.cloudfunctions.net/processNewDocument","createTime":"2025-06-24T04:57:12.085615190Z","satisfiesPzi":true},{"name":"projects/hssetech-e1710/locations/us-central1/functions/createTaskAndNotification","buildConfig":{"build":"projects/789147047426/locations/us-central1/builds/6c64b131-e3a5-456e-8118-19f3d06cba8e","runtime":"nodejs22","entryPoint":"createTaskAndNotification","source":{"storageSource":{"bucket":"gcf-v2-sources-789147047426-us-central1","object":"createTaskAndNotification/function-source.zip","generation":"1750767752196539"}},"environmentVariables":{"GOOGLE_NODE_RUN_SCRIPTS":""},"dockerRepository":"projects/hssetech-e1710/locations/us-central1/repositories/gcf-artifacts","sourceProvenance":{"resolvedStorageSource":{"bucket":"gcf-v2-sources-789147047426-us-central1","object":"createTaskAndNotification/function-source.zip","generation":"1750767752196539"}},"dockerRegistry":"ARTIFACT_REGISTRY","serviceAccount":"projects/hssetech-e1710/serviceAccounts/789147047426-compute@developer.gserviceaccount.com","automaticUpdatePolicy":{}},"serviceConfig":{"service":"projects/hssetech-e1710/locations/us-central1/services/createtaskandnotification","timeoutSeconds":60,"environmentVariables":{"FIREBASE_CONFIG":"{\"projectId\":\"hssetech-e1710\",\"storageBucket\":\"hssetech-e1710.firebasestorage.app\"}","GCLOUD_PROJECT":"hssetech-e1710","EVENTARC_CLOUD_EVENT_SOURCE":"projects/hssetech-e1710/locations/us-central1/services/createTaskAndNotification","FUNCTION_SIGNATURE_TYPE":"cloudevent","FUNCTION_TARGET":"createTaskAndNotification","LOG_EXECUTION_ID":"true"},"maxInstanceCount":3,"ingressSettings":"ALLOW_ALL","uri":"https://createtaskandnotification-gnpygj434a-uc.a.run.app","serviceAccountEmail":"hssetech-e1710@appspot.gserviceaccount.com","availableMemory":"256Mi","allTrafficOnLatestRevision":true,"revision":"createtaskandnotification-00008-qoj","maxInstanceRequestConcurrency":80,"availableCpu":"1"},"eventTrigger":{"trigger":"projects/hssetech-e1710/locations/asia-southeast2/triggers/createtaskandnotification-118945","triggerRegion":"asia-southeast2","eventType":"google.cloud.firestore.document.v1.created","eventFilters":[{"attribute":"document","value":"artifacts/hssetech-e1710/public/data/documents/{documentId}","operator":"match-path-pattern"},{"attribute":"database","value":"(default)"},{"attribute":"namespace","value":"(default)"}],"pubsubTopic":"projects/hssetech-e1710/topics/eventarc-asia-southeast2-createtaskandnotification-118945-418","serviceAccountEmail":"hssetech-e1710@appspot.gserviceaccount.com","retryPolicy":"RETRY_POLICY_DO_NOT_RETRY"},"state":"ACTIVE","updateTime":"2025-06-24T12:25:10.617916913Z","labels":{"deployment-tool":"cli-firebase","firebase-functions-hash":"d6b3d72a9d3989c3a2c560476ebe50a9dff6a2b6"},"environment":"GEN_2","url":"https://us-central1-hssetech-e1710.cloudfunctions.net/createTaskAndNotification","createTime":"2025-06-23T09:56:55.713530079Z","satisfiesPzi":true},{"name":"projects/hssetech-e1710/locations/us-central1/functions/debugAuth","buildConfig":{"build":"projects/789147047426/locations/us-central1/builds/01524010-2035-4603-9964-201911bd3813","runtime":"nodejs22","entryPoint":"debugAuth","source":{"storageSource":{"bucket":"gcf-v2-sources-789147047426-us-central1","object":"debugAuth/function-source.zip","generation":"1750763518815549"}},"environmentVariables":{"GOOGLE_NODE_RUN_SCRIPTS":""},"dockerRepository":"projects/hssetech-e1710/locations/us-central1/repositories/gcf-artifacts","sourceProvenance":{"resolvedStorageSource":{"bucket":"gcf-v2-sources-789147047426-us-central1","object":"debugAuth/function-source.zip","generation":"1750763518815549"}},"dockerRegistry":"ARTIFACT_REGISTRY","serviceAccount":"projects/hssetech-e1710/serviceAccounts/789147047426-compute@developer.gserviceaccount.com","automaticUpdatePolicy":{}},"serviceConfig":{"service":"projects/hssetech-e1710/locations/us-central1/services/debugauth","timeoutSeconds":60,"environmentVariables":{"FIREBASE_CONFIG":"{\"projectId\":\"hssetech-e1710\",\"storageBucket\":\"hssetech-e1710.firebasestorage.app\"}","GCLOUD_PROJECT":"hssetech-e1710","EVENTARC_CLOUD_EVENT_SOURCE":"projects/hssetech-e1710/locations/us-central1/services/debugAuth","FUNCTION_TARGET":"debugAuth","LOG_EXECUTION_ID":"true"},"maxInstanceCount":3,"ingressSettings":"ALLOW_ALL","uri":"https://debugauth-gnpygj434a-uc.a.run.app","serviceAccountEmail":"789147047426-compute@developer.gserviceaccount.com","availableMemory":"256Mi","allTrafficOnLatestRevision":true,"revision":"debugauth-00001-wuy","maxInstanceRequestConcurrency":80,"availableCpu":"1"},"state":"ACTIVE","updateTime":"2025-06-24T11:13:01.154609539Z","labels":{"deployment-tool":"cli-firebase--project-idx","deployment-callable":"true","firebase-functions-hash":"80af078c332303a15250d7fcd92878d54781afec"},"environment":"GEN_2","url":"https://us-central1-hssetech-e1710.cloudfunctions.net/debugAuth","createTime":"2025-06-24T11:11:59.030767Z","satisfiesPzi":true},{"name":"projects/hssetech-e1710/locations/us-central1/functions/uploadPhoto","buildConfig":{"build":"projects/789147047426/locations/us-central1/builds/7a102c2d-d5bc-4c84-9901-ca1bf2b87bcb","runtime":"nodejs22","entryPoint":"uploadPhoto","source":{"storageSource":{"bucket":"gcf-v2-sources-789147047426-us-central1","object":"uploadPhoto/function-source.zip","generation":"1750842372725297"}},"environmentVariables":{"GOOGLE_NODE_RUN_SCRIPTS":""},"dockerRepository":"projects/hssetech-e1710/locations/us-central1/repositories/gcf-artifacts","sourceProvenance":{"resolvedStorageSource":{"bucket":"gcf-v2-sources-789147047426-us-central1","object":"uploadPhoto/function-source.zip","generation":"1750842372725297"}},"dockerRegistry":"ARTIFACT_REGISTRY","serviceAccount":"projects/hssetech-e1710/serviceAccounts/789147047426-compute@developer.gserviceaccount.com","automaticUpdatePolicy":{}},"serviceConfig":{"service":"projects/hssetech-e1710/locations/us-central1/services/uploadphoto","timeoutSeconds":60,"environmentVariables":{"FIREBASE_CONFIG":"{\"projectId\":\"hssetech-e1710\",\"storageBucket\":\"hssetech-e1710.firebasestorage.app\"}","GCLOUD_PROJECT":"hssetech-e1710","EVENTARC_CLOUD_EVENT_SOURCE":"projects/hssetech-e1710/locations/us-central1/services/uploadPhoto","FUNCTION_TARGET":"uploadPhoto","LOG_EXECUTION_ID":"true"},"maxInstanceCount":3,"ingressSettings":"ALLOW_ALL","uri":"https://uploadphoto-gnpygj434a-uc.a.run.app","serviceAccountEmail":"789147047426-compute@developer.gserviceaccount.com","availableMemory":"256Mi","allTrafficOnLatestRevision":true,"revision":"uploadphoto-00001-juw","maxInstanceRequestConcurrency":80,"availableCpu":"1"},"state":"ACTIVE","updateTime":"2025-06-25T09:26:14.701671108Z","labels":{"firebase-functions-hash":"6c988ce237d8fd10f3b261ab715dcab7db7c6931","deployment-tool":"cli-firebase--project-idx"},"environment":"GEN_2","url":"https://us-central1-hssetech-e1710.cloudfunctions.net/uploadPhoto","createTime":"2025-06-25T09:06:13.025416272Z","satisfiesPzi":true},{"name":"projects/hssetech-e1710/locations/us-central1/functions/embedSignature","buildConfig":{"build":"projects/789147047426/locations/us-central1/builds/50b11341-6fea-497e-a6c1-dc1eb40f3669","runtime":"nodejs22","entryPoint":"embedSignature","source":{"storageSource":{"bucket":"gcf-v2-sources-789147047426-us-central1","object":"embedSignature/function-source.zip","generation":"1750767750957512"}},"environmentVariables":{"GOOGLE_NODE_RUN_SCRIPTS":""},"dockerRepository":"projects/hssetech-e1710/locations/us-central1/repositories/gcf-artifacts","sourceProvenance":{"resolvedStorageSource":{"bucket":"gcf-v2-sources-789147047426-us-central1","object":"embedSignature/function-source.zip","generation":"1750767750957512"}},"dockerRegistry":"ARTIFACT_REGISTRY","serviceAccount":"projects/hssetech-e1710/serviceAccounts/789147047426-compute@developer.gserviceaccount.com","automaticUpdatePolicy":{}},"serviceConfig":{"service":"projects/hssetech-e1710/locations/us-central1/services/embedsignature","timeoutSeconds":120,"environmentVariables":{"FIREBASE_CONFIG":"{\"projectId\":\"hssetech-e1710\",\"storageBucket\":\"hssetech-e1710.firebasestorage.app\"}","GCLOUD_PROJECT":"hssetech-e1710","EVENTARC_CLOUD_EVENT_SOURCE":"projects/hssetech-e1710/locations/us-central1/services/embedSignature","FUNCTION_TARGET":"embedSignature","LOG_EXECUTION_ID":"true"},"maxInstanceCount":3,"ingressSettings":"ALLOW_ALL","uri":"https://embedsignature-gnpygj434a-uc.a.run.app","serviceAccountEmail":"789147047426-compute@developer.gserviceaccount.com","availableMemory":"1024Mi","allTrafficOnLatestRevision":true,"revision":"embedsignature-00034-qib","maxInstanceRequestConcurrency":80,"availableCpu":"1"},"state":"ACTIVE","updateTime":"2025-06-24T12:23:24.679918033Z","labels":{"deployment-tool":"cli-firebase","deployment-callable":"true","firebase-functions-hash":"d6b3d72a9d3989c3a2c560476ebe50a9dff6a2b6"},"environment":"GEN_2","url":"https://us-central1-hssetech-e1710.cloudfunctions.net/embedSignature","createTime":"2025-06-19T17:22:14.913051218Z","satisfiesPzi":true},{"name":"projects/hssetech-e1710/locations/us-central1/functions/getSecureUploadUrl","buildConfig":{"build":"projects/789147047426/locations/us-central1/builds/72b9d570-7cb3-4d37-a6d3-d39a117d7a88","runtime":"nodejs22","entryPoint":"getSecureUploadUrl","source":{"storageSource":{"bucket":"gcf-v2-sources-789147047426-us-central1","object":"getSecureUploadUrl/function-source.zip","generation":"1750766023345456"}},"environmentVariables":{"GOOGLE_NODE_RUN_SCRIPTS":""},"dockerRepository":"projects/hssetech-e1710/locations/us-central1/repositories/gcf-artifacts","sourceProvenance":{"resolvedStorageSource":{"bucket":"gcf-v2-sources-789147047426-us-central1","object":"getSecureUploadUrl/function-source.zip","generation":"1750766023345456"}},"dockerRegistry":"ARTIFACT_REGISTRY","serviceAccount":"projects/hssetech-e1710/serviceAccounts/789147047426-compute@developer.gserviceaccount.com","automaticUpdatePolicy":{}},"serviceConfig":{"service":"projects/hssetech-e1710/locations/us-central1/services/getsecureuploadurl","timeoutSeconds":60,"environmentVariables":{"FIREBASE_CONFIG":"{\"projectId\":\"hssetech-e1710\",\"storageBucket\":\"hssetech-e1710.firebasestorage.app\"}","GCLOUD_PROJECT":"hssetech-e1710","EVENTARC_CLOUD_EVENT_SOURCE":"projects/hssetech-e1710/locations/us-central1/services/getSecureUploadUrl","FUNCTION_TARGET":"getSecureUploadUrl","LOG_EXECUTION_ID":"true"},"maxInstanceCount":3,"ingressSettings":"ALLOW_ALL","uri":"https://getsecureuploadurl-gnpygj434a-uc.a.run.app","serviceAccountEmail":"789147047426-compute@developer.gserviceaccount.com","availableMemory":"256Mi","allTrafficOnLatestRevision":true,"revision":"getsecureuploadurl-00001-gij","maxInstanceRequestConcurrency":80,"availableCpu":"1"},"state":"ACTIVE","updateTime":"2025-06-24T11:55:04.663985530Z","labels":{"firebase-functions-hash":"97d5f4293592b68c6a15adda081c69126ceb6bea","deployment-tool":"cli-firebase--project-idx","deployment-callable":"true"},"environment":"GEN_2","url":"https://us-central1-hssetech-e1710.cloudfunctions.net/getSecureUploadUrl","createTime":"2025-06-24T11:53:43.558726787Z","satisfiesPzi":true}]}
[info] i  functions: ensuring required API run.googleapis.com is enabled... 
[debug] [2025-06-25T11:13:29.920Z] Checked if tokens are valid: true, expires at: 1750853593303
[debug] [2025-06-25T11:13:29.921Z] Checked if tokens are valid: true, expires at: 1750853593303
[info] i  functions: ensuring required API eventarc.googleapis.com is enabled... 
[debug] [2025-06-25T11:13:29.921Z] Checked if tokens are valid: true, expires at: 1750853593303
[debug] [2025-06-25T11:13:29.921Z] Checked if tokens are valid: true, expires at: 1750853593303
[info] i  functions: ensuring required API pubsub.googleapis.com is enabled... 
[debug] [2025-06-25T11:13:29.921Z] Checked if tokens are valid: true, expires at: 1750853593303
[debug] [2025-06-25T11:13:29.922Z] Checked if tokens are valid: true, expires at: 1750853593303
[info] i  functions: ensuring required API storage.googleapis.com is enabled... 
[debug] [2025-06-25T11:13:29.922Z] Checked if tokens are valid: true, expires at: 1750853593303
[debug] [2025-06-25T11:13:29.923Z] Checked if tokens are valid: true, expires at: 1750853593303
[debug] [2025-06-25T11:13:29.923Z] >>> [apiv2][query] GET https://serviceusage.googleapis.com/v1/projects/hssetech-e1710/services/run.googleapis.com [none]
[debug] [2025-06-25T11:13:29.923Z] >>> [apiv2][(partial)header] GET https://serviceusage.googleapis.com/v1/projects/hssetech-e1710/services/run.googleapis.com x-goog-quota-user=projects/hssetech-e1710
[debug] [2025-06-25T11:13:29.927Z] >>> [apiv2][query] GET https://serviceusage.googleapis.com/v1/projects/hssetech-e1710/services/eventarc.googleapis.com [none]
[debug] [2025-06-25T11:13:29.927Z] >>> [apiv2][(partial)header] GET https://serviceusage.googleapis.com/v1/projects/hssetech-e1710/services/eventarc.googleapis.com x-goog-quota-user=projects/hssetech-e1710
[debug] [2025-06-25T11:13:29.931Z] >>> [apiv2][query] GET https://serviceusage.googleapis.com/v1/projects/hssetech-e1710/services/pubsub.googleapis.com [none]
[debug] [2025-06-25T11:13:29.931Z] >>> [apiv2][(partial)header] GET https://serviceusage.googleapis.com/v1/projects/hssetech-e1710/services/pubsub.googleapis.com x-goog-quota-user=projects/hssetech-e1710
[debug] [2025-06-25T11:13:29.937Z] >>> [apiv2][query] GET https://serviceusage.googleapis.com/v1/projects/hssetech-e1710/services/storage.googleapis.com [none]
[debug] [2025-06-25T11:13:29.937Z] >>> [apiv2][(partial)header] GET https://serviceusage.googleapis.com/v1/projects/hssetech-e1710/services/storage.googleapis.com x-goog-quota-user=projects/hssetech-e1710
[debug] [2025-06-25T11:13:30.794Z] <<< [apiv2][status] GET https://serviceusage.googleapis.com/v1/projects/hssetech-e1710/services/run.googleapis.com 200
[debug] [2025-06-25T11:13:30.795Z] <<< [apiv2][body] GET https://serviceusage.googleapis.com/v1/projects/hssetech-e1710/services/run.googleapis.com [omitted]
[info] ✔  functions: required API run.googleapis.com is enabled 
[debug] [2025-06-25T11:13:30.803Z] <<< [apiv2][status] GET https://serviceusage.googleapis.com/v1/projects/hssetech-e1710/services/storage.googleapis.com 200
[debug] [2025-06-25T11:13:30.804Z] <<< [apiv2][body] GET https://serviceusage.googleapis.com/v1/projects/hssetech-e1710/services/storage.googleapis.com [omitted]
[info] ✔  functions: required API storage.googleapis.com is enabled 
[debug] [2025-06-25T11:13:30.813Z] <<< [apiv2][status] GET https://serviceusage.googleapis.com/v1/projects/hssetech-e1710/services/pubsub.googleapis.com 200
[debug] [2025-06-25T11:13:30.815Z] <<< [apiv2][body] GET https://serviceusage.googleapis.com/v1/projects/hssetech-e1710/services/pubsub.googleapis.com [omitted]
[info] ✔  functions: required API pubsub.googleapis.com is enabled 
[debug] [2025-06-25T11:13:30.821Z] <<< [apiv2][status] GET https://serviceusage.googleapis.com/v1/projects/hssetech-e1710/services/eventarc.googleapis.com 200
[debug] [2025-06-25T11:13:30.823Z] <<< [apiv2][body] GET https://serviceusage.googleapis.com/v1/projects/hssetech-e1710/services/eventarc.googleapis.com [omitted]
[info] ✔  functions: required API eventarc.googleapis.com is enabled 
[info] i  functions: generating the service identity for pubsub.googleapis.com... 
[debug] [2025-06-25T11:13:30.829Z] Checked if tokens are valid: true, expires at: 1750853593303
[debug] [2025-06-25T11:13:30.829Z] Checked if tokens are valid: true, expires at: 1750853593303
[info] i  functions: generating the service identity for eventarc.googleapis.com... 
[debug] [2025-06-25T11:13:30.831Z] Checked if tokens are valid: true, expires at: 1750853593303
[debug] [2025-06-25T11:13:30.831Z] Checked if tokens are valid: true, expires at: 1750853593303
[debug] [2025-06-25T11:13:30.831Z] >>> [apiv2][query] POST https://serviceusage.googleapis.com/v1beta1/projects/789147047426/services/pubsub.googleapis.com:generateServiceIdentity [none]
[debug] [2025-06-25T11:13:30.832Z] >>> [apiv2][query] POST https://serviceusage.googleapis.com/v1beta1/projects/789147047426/services/eventarc.googleapis.com:generateServiceIdentity [none]
[debug] [2025-06-25T11:13:31.677Z] <<< [apiv2][status] POST https://serviceusage.googleapis.com/v1beta1/projects/789147047426/services/pubsub.googleapis.com:generateServiceIdentity 200
[debug] [2025-06-25T11:13:31.677Z] <<< [apiv2][body] POST https://serviceusage.googleapis.com/v1beta1/projects/789147047426/services/pubsub.googleapis.com:generateServiceIdentity {"name":"operations/finished.DONE_OPERATION","done":true,"response":{"@type":"type.googleapis.com/google.api.serviceusage.v1beta1.ServiceIdentity","email":"service-789147047426@gcp-sa-pubsub.iam.gserviceaccount.com","uniqueId":"114458298047802982736"}}
[debug] [2025-06-25T11:13:31.685Z] <<< [apiv2][status] POST https://serviceusage.googleapis.com/v1beta1/projects/789147047426/services/eventarc.googleapis.com:generateServiceIdentity 200
[debug] [2025-06-25T11:13:31.685Z] <<< [apiv2][body] POST https://serviceusage.googleapis.com/v1beta1/projects/789147047426/services/eventarc.googleapis.com:generateServiceIdentity {"name":"operations/finished.DONE_OPERATION","done":true,"response":{"@type":"type.googleapis.com/google.api.serviceusage.v1beta1.ServiceIdentity","email":"service-789147047426@gcp-sa-eventarc.iam.gserviceaccount.com","uniqueId":"112182260237273222290"}}
[debug] [2025-06-25T11:13:31.696Z] Checked if tokens are valid: true, expires at: 1750853593303
[debug] [2025-06-25T11:13:31.696Z] Checked if tokens are valid: true, expires at: 1750853593303
[debug] [2025-06-25T11:13:31.697Z] >>> [apiv2][query] GET https://serviceusage.googleapis.com/v1/projects/hssetech-e1710/services/cloudresourcemanager.googleapis.com [none]
[debug] [2025-06-25T11:13:31.699Z] >>> [apiv2][(partial)header] GET https://serviceusage.googleapis.com/v1/projects/hssetech-e1710/services/cloudresourcemanager.googleapis.com x-goog-quota-user=projects/hssetech-e1710
[debug] [2025-06-25T11:13:32.038Z] <<< [apiv2][status] GET https://serviceusage.googleapis.com/v1/projects/hssetech-e1710/services/cloudresourcemanager.googleapis.com 200
[debug] [2025-06-25T11:13:32.044Z] <<< [apiv2][body] GET https://serviceusage.googleapis.com/v1/projects/hssetech-e1710/services/cloudresourcemanager.googleapis.com [omitted]
[debug] [2025-06-25T11:13:32.048Z] Checked if tokens are valid: true, expires at: 1750853593303
[debug] [2025-06-25T11:13:32.050Z] Checked if tokens are valid: true, expires at: 1750853593303
[debug] [2025-06-25T11:13:32.053Z] >>> [apiv2][query] GET https://cloudresourcemanager.googleapis.com/v1/projects/hssetech-e1710 [none]
[debug] [2025-06-25T11:13:32.745Z] <<< [apiv2][status] GET https://cloudresourcemanager.googleapis.com/v1/projects/hssetech-e1710 200
[debug] [2025-06-25T11:13:32.745Z] <<< [apiv2][body] GET https://cloudresourcemanager.googleapis.com/v1/projects/hssetech-e1710 {"projectNumber":"789147047426","projectId":"hssetech-e1710","lifecycleState":"ACTIVE","name":"HSSETech","labels":{"firebase":"enabled","firebase-core":"disabled"},"createTime":"2025-06-18T08:30:49.707258Z"}
[debug] [2025-06-25T11:13:32.751Z] Checked if tokens are valid: true, expires at: 1750853593303
[debug] [2025-06-25T11:13:32.752Z] Checked if tokens are valid: true, expires at: 1750853593303
[debug] [2025-06-25T11:13:32.752Z] >>> [apiv2][query] GET https://cloudbilling.googleapis.com/v1/projects/hssetech-e1710/billingInfo [none]
[debug] [2025-06-25T11:13:32.949Z] <<< [apiv2][status] GET https://cloudbilling.googleapis.com/v1/projects/hssetech-e1710/billingInfo 200
[debug] [2025-06-25T11:13:32.949Z] <<< [apiv2][body] GET https://cloudbilling.googleapis.com/v1/projects/hssetech-e1710/billingInfo {"name":"projects/hssetech-e1710/billingInfo","projectId":"hssetech-e1710","billingAccountName":"billingAccounts/01344C-2FBD7B-4DC3CA","billingEnabled":true}
[debug] [2025-06-25T11:13:32.953Z] Checked if tokens are valid: true, expires at: 1750853593303
[debug] [2025-06-25T11:13:32.954Z] Checked if tokens are valid: true, expires at: 1750853593303
[debug] [2025-06-25T11:13:32.954Z] >>> [apiv2][query] POST https://cloudfunctions.googleapis.com/v2/projects/hssetech-e1710/locations/us-central1/functions:generateUploadUrl [none]
[debug] [2025-06-25T11:13:33.745Z] <<< [apiv2][status] POST https://cloudfunctions.googleapis.com/v2/projects/hssetech-e1710/locations/us-central1/functions:generateUploadUrl 200
[debug] [2025-06-25T11:13:33.746Z] <<< [apiv2][body] POST https://cloudfunctions.googleapis.com/v2/projects/hssetech-e1710/locations/us-central1/functions:generateUploadUrl {"uploadUrl":"https://storage.googleapis.com/gcf-v2-uploads-789147047426.us-central1.cloudfunctions.appspot.com/b3fac0b7-8960-490c-a356-8e678c41df0f.zip?GoogleAccessId=service-789147047426@gcf-admin-robot.iam.gserviceaccount.com&Expires=1750851813&Signature=hdmwYgQvn4cRFRB6kKA7O0mZbTUiFWVMTRlrc9Gy9GyROAIx48aahbk8hvFdqrlBNAY68gXa4A0JTDiiCxslVDm9pxdjVavc47wSGsFzlqYpbwlGKp7qNTGQAoFbvgdZbeoklOp17hCifZRUPKL%2FH0Vv%2FjfT9V5K6iBPZdwAE2YMoGgF0sLyu5qAaNlhHMIMdlPh2Qh3qe6lvH8s2DwksrzQ0dit3FHg4pmecNX%2Foxlts8tmVPJzoljJ68pBTmoctEm%2FnpqgBT%2F0X4Xit%2FSMVbFVNH3ULI1Vf%2FNGnyDPv5pyFppI30GLU5NV%2FgEW0gq2yJAfAyp0O1L3rjcELIicGQ%3D%3D","storageSource":{"bucket":"gcf-v2-uploads-789147047426.us-central1.cloudfunctions.appspot.com","object":"b3fac0b7-8960-490c-a356-8e678c41df0f.zip"}}
[debug] [2025-06-25T11:13:33.750Z] >>> [apiv2][query] PUT https://storage.googleapis.com/gcf-v2-uploads-789147047426.us-central1.cloudfunctions.appspot.com/b3fac0b7-8960-490c-a356-8e678c41df0f.zip GoogleAccessId=service-789147047426%40gcf-admin-robot.iam.gserviceaccount.com&Expires=1750851813&Signature=hdmwYgQvn4cRFRB6kKA7O0mZbTUiFWVMTRlrc9Gy9GyROAIx48aahbk8hvFdqrlBNAY68gXa4A0JTDiiCxslVDm9pxdjVavc47wSGsFzlqYpbwlGKp7qNTGQAoFbvgdZbeoklOp17hCifZRUPKL%2FH0Vv%2FjfT9V5K6iBPZdwAE2YMoGgF0sLyu5qAaNlhHMIMdlPh2Qh3qe6lvH8s2DwksrzQ0dit3FHg4pmecNX%2Foxlts8tmVPJzoljJ68pBTmoctEm%2FnpqgBT%2F0X4Xit%2FSMVbFVNH3ULI1Vf%2FNGnyDPv5pyFppI30GLU5NV%2FgEW0gq2yJAfAyp0O1L3rjcELIicGQ%3D%3D
[debug] [2025-06-25T11:13:33.750Z] >>> [apiv2][body] PUT https://storage.googleapis.com/gcf-v2-uploads-789147047426.us-central1.cloudfunctions.appspot.com/b3fac0b7-8960-490c-a356-8e678c41df0f.zip [stream]
[debug] [2025-06-25T11:13:34.753Z] <<< [apiv2][status] PUT https://storage.googleapis.com/gcf-v2-uploads-789147047426.us-central1.cloudfunctions.appspot.com/b3fac0b7-8960-490c-a356-8e678c41df0f.zip 200
[debug] [2025-06-25T11:13:34.754Z] <<< [apiv2][body] PUT https://storage.googleapis.com/gcf-v2-uploads-789147047426.us-central1.cloudfunctions.appspot.com/b3fac0b7-8960-490c-a356-8e678c41df0f.zip [omitted]
[info] ✔  functions: functions folder uploaded successfully 
[info] 
The following functions are found in your project but do not exist in your local source code:
	createTaskAndNotification(us-central1)
	debugAuth(us-central1)
	embedSignature(us-central1)
	getSecureUploadUrl(us-central1)
	processNewDocument(us-central1)

If you are renaming a function or changing its region, it is recommended that you create the new function first before deleting the old one to prevent event loss. For more info, visit https://firebase.google.com/docs/functions/manage-functions#modify

[info] i  functions: updating Node.js 22 (2nd Gen) function uploadPhoto(us-central1)... 
[debug] [2025-06-25T11:13:44.028Z] Checked if tokens are valid: true, expires at: 1750853593303
[debug] [2025-06-25T11:13:44.036Z] Checked if tokens are valid: true, expires at: 1750853593303
[debug] [2025-06-25T11:13:44.037Z] >>> [apiv2][query] PATCH https://cloudfunctions.googleapis.com/v2/projects/hssetech-e1710/locations/us-central1/functions/uploadPhoto updateMask=name%2CbuildConfig.runtime%2CbuildConfig.entryPoint%2CbuildConfig.source.storageSource.bucket%2CbuildConfig.source.storageSource.object%2CbuildConfig.environmentVariables%2CbuildConfig.sourceToken%2CserviceConfig.environmentVariables%2CserviceConfig.ingressSettings%2CserviceConfig.timeoutSeconds%2CserviceConfig.serviceAccountEmail%2CserviceConfig.availableMemory%2CserviceConfig.minInstanceCount%2CserviceConfig.maxInstanceCount%2CserviceConfig.maxInstanceRequestConcurrency%2CserviceConfig.availableCpu%2CserviceConfig.vpcConnector%2CserviceConfig.vpcConnectorEgressSettings%2Clabels%2CbuildConfig.buildEnvironmentVariables
[debug] [2025-06-25T11:13:44.037Z] >>> [apiv2][body] PATCH https://cloudfunctions.googleapis.com/v2/projects/hssetech-e1710/locations/us-central1/functions/uploadPhoto {"name":"projects/hssetech-e1710/locations/us-central1/functions/uploadPhoto","buildConfig":{"runtime":"nodejs22","entryPoint":"uploadPhoto","source":{"storageSource":{"bucket":"gcf-v2-uploads-789147047426.us-central1.cloudfunctions.appspot.com","object":"b3fac0b7-8960-490c-a356-8e678c41df0f.zip"}},"environmentVariables":{"GOOGLE_NODE_RUN_SCRIPTS":""}},"serviceConfig":{"environmentVariables":{"FIREBASE_CONFIG":"{\"projectId\":\"hssetech-e1710\",\"storageBucket\":\"hssetech-e1710.firebasestorage.app\"}","GCLOUD_PROJECT":"hssetech-e1710","EVENTARC_CLOUD_EVENT_SOURCE":"projects/hssetech-e1710/locations/us-central1/services/uploadPhoto","FUNCTION_TARGET":"uploadPhoto","LOG_EXECUTION_ID":"true"},"ingressSettings":null,"timeoutSeconds":null,"serviceAccountEmail":null,"availableMemory":"256Mi","minInstanceCount":null,"maxInstanceCount":null,"maxInstanceRequestConcurrency":80,"availableCpu":"1","vpcConnector":null,"vpcConnectorEgressSettings":null},"labels":{"deployment-tool":"cli-firebase--project-idx","firebase-functions-hash":"15a6d18cf04f09904cd2065c196c9761c7b9c15b"}}
[debug] [2025-06-25T11:13:45.789Z] <<< [apiv2][status] PATCH https://cloudfunctions.googleapis.com/v2/projects/hssetech-e1710/locations/us-central1/functions/uploadPhoto 200
[debug] [2025-06-25T11:13:45.789Z] <<< [apiv2][body] PATCH https://cloudfunctions.googleapis.com/v2/projects/hssetech-e1710/locations/us-central1/functions/uploadPhoto {"name":"projects/hssetech-e1710/locations/us-central1/operations/operation-1750850024740-6386389c795b2-e9c3aad4-a69f256c","metadata":{"@type":"type.googleapis.com/google.cloud.functions.v2.OperationMetadata","createTime":"2025-06-25T11:13:45.711481167Z","target":"projects/hssetech-e1710/locations/us-central1/functions/uploadPhoto","verb":"update","cancelRequested":false,"apiVersion":"v2"},"done":false}
[debug] [2025-06-25T11:13:45.793Z] Checked if tokens are valid: true, expires at: 1750853593303
[debug] [2025-06-25T11:13:45.793Z] Checked if tokens are valid: true, expires at: 1750853593303
[debug] [2025-06-25T11:13:45.794Z] >>> [apiv2][query] GET https://cloudfunctions.googleapis.com/v2/projects/hssetech-e1710/locations/us-central1/operations/operation-1750850024740-6386389c795b2-e9c3aad4-a69f256c [none]
[debug] [2025-06-25T11:13:46.537Z] <<< [apiv2][status] GET https://cloudfunctions.googleapis.com/v2/projects/hssetech-e1710/locations/us-central1/operations/operation-1750850024740-6386389c795b2-e9c3aad4-a69f256c 200
[debug] [2025-06-25T11:13:46.537Z] <<< [apiv2][body] GET https://cloudfunctions.googleapis.com/v2/projects/hssetech-e1710/locations/us-central1/operations/operation-1750850024740-6386389c795b2-e9c3aad4-a69f256c {"name":"projects/hssetech-e1710/locations/us-central1/operations/operation-1750850024740-6386389c795b2-e9c3aad4-a69f256c","metadata":{"@type":"type.googleapis.com/google.cloud.functions.v2.OperationMetadata","createTime":"2025-06-25T11:13:45.711481167Z","target":"projects/hssetech-e1710/locations/us-central1/functions/uploadPhoto","verb":"update","cancelRequested":false,"apiVersion":"v2","requestResource":{"@type":"type.googleapis.com/google.cloud.functions.v2.Function","name":"projects/hssetech-e1710/locations/us-central1/functions/uploadPhoto","buildConfig":{"runtime":"nodejs22","entryPoint":"uploadPhoto","source":{"storageSource":{"bucket":"gcf-v2-sources-789147047426-us-central1","object":"uploadPhoto/function-source.zip","generation":"1750850025626761"}},"environmentVariables":{"GOOGLE_NODE_RUN_SCRIPTS":""},"dockerRepository":"projects/hssetech-e1710/locations/us-central1/repositories/gcf-artifacts","sourceProvenance":{"resolvedStorageSource":{"bucket":"gcf-v2-sources-789147047426-us-central1","object":"uploadPhoto/function-source.zip","generation":"1750842372725297"}},"dockerRegistry":"ARTIFACT_REGISTRY","serviceAccount":"projects/hssetech-e1710/serviceAccounts/789147047426-compute@developer.gserviceaccount.com","automaticUpdatePolicy":{}},"serviceConfig":{"service":"projects/hssetech-e1710/locations/us-central1/services/uploadphoto","timeoutSeconds":60,"environmentVariables":{"FIREBASE_CONFIG":"{\"projectId\":\"hssetech-e1710\",\"storageBucket\":\"hssetech-e1710.firebasestorage.app\"}","GCLOUD_PROJECT":"hssetech-e1710","EVENTARC_CLOUD_EVENT_SOURCE":"projects/hssetech-e1710/locations/us-central1/services/uploadPhoto","FUNCTION_TARGET":"uploadPhoto","LOG_EXECUTION_ID":"true"},"ingressSettings":"ALLOW_ALL","uri":"https://uploadphoto-gnpygj434a-uc.a.run.app","serviceAccountEmail":"789147047426-compute@developer.gserviceaccount.com","availableMemory":"256Mi","allTrafficOnLatestRevision":true,"revision":"uploadphoto-00001-juw","maxInstanceRequestConcurrency":80,"availableCpu":"1"},"state":"ACTIVE","labels":{"deployment-tool":"cli-firebase--project-idx","firebase-functions-hash":"15a6d18cf04f09904cd2065c196c9761c7b9c15b"},"environment":"GEN_2","url":"https://us-central1-hssetech-e1710.cloudfunctions.net/uploadPhoto","satisfiesPzi":true},"stages":[{"name":"BUILD","state":"NOT_STARTED"},{"name":"SERVICE","state":"NOT_STARTED"}],"operationType":"UPDATE_FUNCTION"},"done":false}
[debug] [2025-06-25T11:13:47.039Z] [update-default-us-central1-uploadPhoto] Retrying task index 0
[debug] [2025-06-25T11:13:47.040Z] Checked if tokens are valid: true, expires at: 1750853593303
[debug] [2025-06-25T11:13:47.040Z] Checked if tokens are valid: true, expires at: 1750853593303
[debug] [2025-06-25T11:13:47.040Z] >>> [apiv2][query] GET https://cloudfunctions.googleapis.com/v2/projects/hssetech-e1710/locations/us-central1/operations/operation-1750850024740-6386389c795b2-e9c3aad4-a69f256c [none]
[debug] [2025-06-25T11:13:47.771Z] <<< [apiv2][status] GET https://cloudfunctions.googleapis.com/v2/projects/hssetech-e1710/locations/us-central1/operations/operation-1750850024740-6386389c795b2-e9c3aad4-a69f256c 200
[debug] [2025-06-25T11:13:47.772Z] <<< [apiv2][body] GET https://cloudfunctions.googleapis.com/v2/projects/hssetech-e1710/locations/us-central1/operations/operation-1750850024740-6386389c795b2-e9c3aad4-a69f256c {"name":"projects/hssetech-e1710/locations/us-central1/operations/operation-1750850024740-6386389c795b2-e9c3aad4-a69f256c","metadata":{"@type":"type.googleapis.com/google.cloud.functions.v2.OperationMetadata","createTime":"2025-06-25T11:13:45.711481167Z","target":"projects/hssetech-e1710/locations/us-central1/functions/uploadPhoto","verb":"update","cancelRequested":false,"apiVersion":"v2","requestResource":{"@type":"type.googleapis.com/google.cloud.functions.v2.Function","name":"projects/hssetech-e1710/locations/us-central1/functions/uploadPhoto","buildConfig":{"runtime":"nodejs22","entryPoint":"uploadPhoto","source":{"storageSource":{"bucket":"gcf-v2-sources-789147047426-us-central1","object":"uploadPhoto/function-source.zip","generation":"1750850025626761"}},"environmentVariables":{"GOOGLE_NODE_RUN_SCRIPTS":""},"dockerRepository":"projects/hssetech-e1710/locations/us-central1/repositories/gcf-artifacts","sourceProvenance":{"resolvedStorageSource":{"bucket":"gcf-v2-sources-789147047426-us-central1","object":"uploadPhoto/function-source.zip","generation":"1750842372725297"}},"dockerRegistry":"ARTIFACT_REGISTRY","serviceAccount":"projects/hssetech-e1710/serviceAccounts/789147047426-compute@developer.gserviceaccount.com","automaticUpdatePolicy":{}},"serviceConfig":{"service":"projects/hssetech-e1710/locations/us-central1/services/uploadphoto","timeoutSeconds":60,"environmentVariables":{"FIREBASE_CONFIG":"{\"projectId\":\"hssetech-e1710\",\"storageBucket\":\"hssetech-e1710.firebasestorage.app\"}","GCLOUD_PROJECT":"hssetech-e1710","EVENTARC_CLOUD_EVENT_SOURCE":"projects/hssetech-e1710/locations/us-central1/services/uploadPhoto","FUNCTION_TARGET":"uploadPhoto","LOG_EXECUTION_ID":"true"},"ingressSettings":"ALLOW_ALL","uri":"https://uploadphoto-gnpygj434a-uc.a.run.app","serviceAccountEmail":"789147047426-compute@developer.gserviceaccount.com","availableMemory":"256Mi","allTrafficOnLatestRevision":true,"revision":"uploadphoto-00001-juw","maxInstanceRequestConcurrency":80,"availableCpu":"1"},"state":"ACTIVE","labels":{"deployment-tool":"cli-firebase--project-idx","firebase-functions-hash":"15a6d18cf04f09904cd2065c196c9761c7b9c15b"},"environment":"GEN_2","url":"https://us-central1-hssetech-e1710.cloudfunctions.net/uploadPhoto","satisfiesPzi":true},"stages":[{"name":"BUILD","message":"Build in progress","state":"IN_PROGRESS","resource":"projects/789147047426/locations/us-central1/builds/2f989984-4118-4e29-9422-d4c6ebad28fe","resourceUri":"https://console.cloud.google.com/cloud-build/builds;region=us-central1/2f989984-4118-4e29-9422-d4c6ebad28fe?project=789147047426"},{"name":"SERVICE","state":"NOT_STARTED"}],"operationType":"UPDATE_FUNCTION","buildName":"projects/789147047426/locations/us-central1/builds/2f989984-4118-4e29-9422-d4c6ebad28fe"},"done":false}
[debug] [2025-06-25T11:13:48.774Z] [update-default-us-central1-uploadPhoto] Retrying task index 0
[debug] [2025-06-25T11:13:48.774Z] Checked if tokens are valid: true, expires at: 1750853593303
[debug] [2025-06-25T11:13:48.777Z] Checked if tokens are valid: true, expires at: 1750853593303
[debug] [2025-06-25T11:13:48.777Z] >>> [apiv2][query] GET https://cloudfunctions.googleapis.com/v2/projects/hssetech-e1710/locations/us-central1/operations/operation-1750850024740-6386389c795b2-e9c3aad4-a69f256c [none]
[debug] [2025-06-25T11:13:49.469Z] <<< [apiv2][status] GET https://cloudfunctions.googleapis.com/v2/projects/hssetech-e1710/locations/us-central1/operations/operation-1750850024740-6386389c795b2-e9c3aad4-a69f256c 200
[debug] [2025-06-25T11:13:49.470Z] <<< [apiv2][body] GET https://cloudfunctions.googleapis.com/v2/projects/hssetech-e1710/locations/us-central1/operations/operation-1750850024740-6386389c795b2-e9c3aad4-a69f256c {"name":"projects/hssetech-e1710/locations/us-central1/operations/operation-1750850024740-6386389c795b2-e9c3aad4-a69f256c","metadata":{"@type":"type.googleapis.com/google.cloud.functions.v2.OperationMetadata","createTime":"2025-06-25T11:13:45.711481167Z","target":"projects/hssetech-e1710/locations/us-central1/functions/uploadPhoto","verb":"update","cancelRequested":false,"apiVersion":"v2","requestResource":{"@type":"type.googleapis.com/google.cloud.functions.v2.Function","name":"projects/hssetech-e1710/locations/us-central1/functions/uploadPhoto","buildConfig":{"runtime":"nodejs22","entryPoint":"uploadPhoto","source":{"storageSource":{"bucket":"gcf-v2-sources-789147047426-us-central1","object":"uploadPhoto/function-source.zip","generation":"1750850025626761"}},"environmentVariables":{"GOOGLE_NODE_RUN_SCRIPTS":""},"dockerRepository":"projects/hssetech-e1710/locations/us-central1/repositories/gcf-artifacts","sourceProvenance":{"resolvedStorageSource":{"bucket":"gcf-v2-sources-789147047426-us-central1","object":"uploadPhoto/function-source.zip","generation":"1750842372725297"}},"dockerRegistry":"ARTIFACT_REGISTRY","serviceAccount":"projects/hssetech-e1710/serviceAccounts/789147047426-compute@developer.gserviceaccount.com","automaticUpdatePolicy":{}},"serviceConfig":{"service":"projects/hssetech-e1710/locations/us-central1/services/uploadphoto","timeoutSeconds":60,"environmentVariables":{"FIREBASE_CONFIG":"{\"projectId\":\"hssetech-e1710\",\"storageBucket\":\"hssetech-e1710.firebasestorage.app\"}","GCLOUD_PROJECT":"hssetech-e1710","EVENTARC_CLOUD_EVENT_SOURCE":"projects/hssetech-e1710/locations/us-central1/services/uploadPhoto","FUNCTION_TARGET":"uploadPhoto","LOG_EXECUTION_ID":"true"},"ingressSettings":"ALLOW_ALL","uri":"https://uploadphoto-gnpygj434a-uc.a.run.app","serviceAccountEmail":"789147047426-compute@developer.gserviceaccount.com","availableMemory":"256Mi","allTrafficOnLatestRevision":true,"revision":"uploadphoto-00001-juw","maxInstanceRequestConcurrency":80,"availableCpu":"1"},"state":"ACTIVE","labels":{"deployment-tool":"cli-firebase--project-idx","firebase-functions-hash":"15a6d18cf04f09904cd2065c196c9761c7b9c15b"},"environment":"GEN_2","url":"https://us-central1-hssetech-e1710.cloudfunctions.net/uploadPhoto","satisfiesPzi":true},"stages":[{"name":"BUILD","message":"Build in progress","state":"IN_PROGRESS","resource":"projects/789147047426/locations/us-central1/builds/2f989984-4118-4e29-9422-d4c6ebad28fe","resourceUri":"https://console.cloud.google.com/cloud-build/builds;region=us-central1/2f989984-4118-4e29-9422-d4c6ebad28fe?project=789147047426"},{"name":"SERVICE","state":"NOT_STARTED"}],"operationType":"UPDATE_FUNCTION","buildName":"projects/789147047426/locations/us-central1/builds/2f989984-4118-4e29-9422-d4c6ebad28fe"},"done":false}
[debug] [2025-06-25T11:13:51.473Z] [update-default-us-central1-uploadPhoto] Retrying task index 0
[debug] [2025-06-25T11:13:51.473Z] Checked if tokens are valid: true, expires at: 1750853593303
[debug] [2025-06-25T11:13:51.473Z] Checked if tokens are valid: true, expires at: 1750853593303
[debug] [2025-06-25T11:13:51.474Z] >>> [apiv2][query] GET https://cloudfunctions.googleapis.com/v2/projects/hssetech-e1710/locations/us-central1/operations/operation-1750850024740-6386389c795b2-e9c3aad4-a69f256c [none]
[debug] [2025-06-25T11:13:52.141Z] <<< [apiv2][status] GET https://cloudfunctions.googleapis.com/v2/projects/hssetech-e1710/locations/us-central1/operations/operation-1750850024740-6386389c795b2-e9c3aad4-a69f256c 200
[debug] [2025-06-25T11:13:52.141Z] <<< [apiv2][body] GET https://cloudfunctions.googleapis.com/v2/projects/hssetech-e1710/locations/us-central1/operations/operation-1750850024740-6386389c795b2-e9c3aad4-a69f256c {"name":"projects/hssetech-e1710/locations/us-central1/operations/operation-1750850024740-6386389c795b2-e9c3aad4-a69f256c","metadata":{"@type":"type.googleapis.com/google.cloud.functions.v2.OperationMetadata","createTime":"2025-06-25T11:13:45.711481167Z","target":"projects/hssetech-e1710/locations/us-central1/functions/uploadPhoto","verb":"update","cancelRequested":false,"apiVersion":"v2","requestResource":{"@type":"type.googleapis.com/google.cloud.functions.v2.Function","name":"projects/hssetech-e1710/locations/us-central1/functions/uploadPhoto","buildConfig":{"runtime":"nodejs22","entryPoint":"uploadPhoto","source":{"storageSource":{"bucket":"gcf-v2-sources-789147047426-us-central1","object":"uploadPhoto/function-source.zip","generation":"1750850025626761"}},"environmentVariables":{"GOOGLE_NODE_RUN_SCRIPTS":""},"dockerRepository":"projects/hssetech-e1710/locations/us-central1/repositories/gcf-artifacts","sourceProvenance":{"resolvedStorageSource":{"bucket":"gcf-v2-sources-789147047426-us-central1","object":"uploadPhoto/function-source.zip","generation":"1750842372725297"}},"dockerRegistry":"ARTIFACT_REGISTRY","serviceAccount":"projects/hssetech-e1710/serviceAccounts/789147047426-compute@developer.gserviceaccount.com","automaticUpdatePolicy":{}},"serviceConfig":{"service":"projects/hssetech-e1710/locations/us-central1/services/uploadphoto","timeoutSeconds":60,"environmentVariables":{"FIREBASE_CONFIG":"{\"projectId\":\"hssetech-e1710\",\"storageBucket\":\"hssetech-e1710.firebasestorage.app\"}","GCLOUD_PROJECT":"hssetech-e1710","EVENTARC_CLOUD_EVENT_SOURCE":"projects/hssetech-e1710/locations/us-central1/services/uploadPhoto","FUNCTION_TARGET":"uploadPhoto","LOG_EXECUTION_ID":"true"},"ingressSettings":"ALLOW_ALL","uri":"https://uploadphoto-gnpygj434a-uc.a.run.app","serviceAccountEmail":"789147047426-compute@developer.gserviceaccount.com","availableMemory":"256Mi","allTrafficOnLatestRevision":true,"revision":"uploadphoto-00001-juw","maxInstanceRequestConcurrency":80,"availableCpu":"1"},"state":"ACTIVE","labels":{"deployment-tool":"cli-firebase--project-idx","firebase-functions-hash":"15a6d18cf04f09904cd2065c196c9761c7b9c15b"},"environment":"GEN_2","url":"https://us-central1-hssetech-e1710.cloudfunctions.net/uploadPhoto","satisfiesPzi":true},"stages":[{"name":"BUILD","message":"Build in progress","state":"IN_PROGRESS","resource":"projects/789147047426/locations/us-central1/builds/2f989984-4118-4e29-9422-d4c6ebad28fe","resourceUri":"https://console.cloud.google.com/cloud-build/builds;region=us-central1/2f989984-4118-4e29-9422-d4c6ebad28fe?project=789147047426"},{"name":"SERVICE","state":"NOT_STARTED"}],"operationType":"UPDATE_FUNCTION","buildName":"projects/789147047426/locations/us-central1/builds/2f989984-4118-4e29-9422-d4c6ebad28fe"},"done":false}
[debug] [2025-06-25T11:13:56.143Z] [update-default-us-central1-uploadPhoto] Retrying task index 0
[debug] [2025-06-25T11:13:56.144Z] Checked if tokens are valid: true, expires at: 1750853593303
[debug] [2025-06-25T11:13:56.144Z] Checked if tokens are valid: true, expires at: 1750853593303
[debug] [2025-06-25T11:13:56.144Z] >>> [apiv2][query] GET https://cloudfunctions.googleapis.com/v2/projects/hssetech-e1710/locations/us-central1/operations/operation-1750850024740-6386389c795b2-e9c3aad4-a69f256c [none]
[debug] [2025-06-25T11:13:56.827Z] <<< [apiv2][status] GET https://cloudfunctions.googleapis.com/v2/projects/hssetech-e1710/locations/us-central1/operations/operation-1750850024740-6386389c795b2-e9c3aad4-a69f256c 200
[debug] [2025-06-25T11:13:56.827Z] <<< [apiv2][body] GET https://cloudfunctions.googleapis.com/v2/projects/hssetech-e1710/locations/us-central1/operations/operation-1750850024740-6386389c795b2-e9c3aad4-a69f256c {"name":"projects/hssetech-e1710/locations/us-central1/operations/operation-1750850024740-6386389c795b2-e9c3aad4-a69f256c","metadata":{"@type":"type.googleapis.com/google.cloud.functions.v2.OperationMetadata","createTime":"2025-06-25T11:13:45.711481167Z","target":"projects/hssetech-e1710/locations/us-central1/functions/uploadPhoto","verb":"update","cancelRequested":false,"apiVersion":"v2","requestResource":{"@type":"type.googleapis.com/google.cloud.functions.v2.Function","name":"projects/hssetech-e1710/locations/us-central1/functions/uploadPhoto","buildConfig":{"runtime":"nodejs22","entryPoint":"uploadPhoto","source":{"storageSource":{"bucket":"gcf-v2-sources-789147047426-us-central1","object":"uploadPhoto/function-source.zip","generation":"1750850025626761"}},"environmentVariables":{"GOOGLE_NODE_RUN_SCRIPTS":""},"dockerRepository":"projects/hssetech-e1710/locations/us-central1/repositories/gcf-artifacts","sourceProvenance":{"resolvedStorageSource":{"bucket":"gcf-v2-sources-789147047426-us-central1","object":"uploadPhoto/function-source.zip","generation":"1750842372725297"}},"dockerRegistry":"ARTIFACT_REGISTRY","serviceAccount":"projects/hssetech-e1710/serviceAccounts/789147047426-compute@developer.gserviceaccount.com","automaticUpdatePolicy":{}},"serviceConfig":{"service":"projects/hssetech-e1710/locations/us-central1/services/uploadphoto","timeoutSeconds":60,"environmentVariables":{"FIREBASE_CONFIG":"{\"projectId\":\"hssetech-e1710\",\"storageBucket\":\"hssetech-e1710.firebasestorage.app\"}","GCLOUD_PROJECT":"hssetech-e1710","EVENTARC_CLOUD_EVENT_SOURCE":"projects/hssetech-e1710/locations/us-central1/services/uploadPhoto","FUNCTION_TARGET":"uploadPhoto","LOG_EXECUTION_ID":"true"},"ingressSettings":"ALLOW_ALL","uri":"https://uploadphoto-gnpygj434a-uc.a.run.app","serviceAccountEmail":"789147047426-compute@developer.gserviceaccount.com","availableMemory":"256Mi","allTrafficOnLatestRevision":true,"revision":"uploadphoto-00001-juw","maxInstanceRequestConcurrency":80,"availableCpu":"1"},"state":"ACTIVE","labels":{"deployment-tool":"cli-firebase--project-idx","firebase-functions-hash":"15a6d18cf04f09904cd2065c196c9761c7b9c15b"},"environment":"GEN_2","url":"https://us-central1-hssetech-e1710.cloudfunctions.net/uploadPhoto","satisfiesPzi":true},"stages":[{"name":"BUILD","message":"Build in progress","state":"IN_PROGRESS","resource":"projects/789147047426/locations/us-central1/builds/2f989984-4118-4e29-9422-d4c6ebad28fe","resourceUri":"https://console.cloud.google.com/cloud-build/builds;region=us-central1/2f989984-4118-4e29-9422-d4c6ebad28fe?project=789147047426"},{"name":"SERVICE","state":"NOT_STARTED"}],"operationType":"UPDATE_FUNCTION","buildName":"projects/789147047426/locations/us-central1/builds/2f989984-4118-4e29-9422-d4c6ebad28fe"},"done":false}
[debug] [2025-06-25T11:14:04.829Z] [update-default-us-central1-uploadPhoto] Retrying task index 0
[debug] [2025-06-25T11:14:04.831Z] Checked if tokens are valid: true, expires at: 1750853593303
[debug] [2025-06-25T11:14:04.831Z] Checked if tokens are valid: true, expires at: 1750853593303
[debug] [2025-06-25T11:14:04.833Z] >>> [apiv2][query] GET https://cloudfunctions.googleapis.com/v2/projects/hssetech-e1710/locations/us-central1/operations/operation-1750850024740-6386389c795b2-e9c3aad4-a69f256c [none]
[debug] [2025-06-25T11:14:05.581Z] <<< [apiv2][status] GET https://cloudfunctions.googleapis.com/v2/projects/hssetech-e1710/locations/us-central1/operations/operation-1750850024740-6386389c795b2-e9c3aad4-a69f256c 200
[debug] [2025-06-25T11:14:05.582Z] <<< [apiv2][body] GET https://cloudfunctions.googleapis.com/v2/projects/hssetech-e1710/locations/us-central1/operations/operation-1750850024740-6386389c795b2-e9c3aad4-a69f256c {"name":"projects/hssetech-e1710/locations/us-central1/operations/operation-1750850024740-6386389c795b2-e9c3aad4-a69f256c","metadata":{"@type":"type.googleapis.com/google.cloud.functions.v2.OperationMetadata","createTime":"2025-06-25T11:13:45.711481167Z","target":"projects/hssetech-e1710/locations/us-central1/functions/uploadPhoto","verb":"update","cancelRequested":false,"apiVersion":"v2","requestResource":{"@type":"type.googleapis.com/google.cloud.functions.v2.Function","name":"projects/hssetech-e1710/locations/us-central1/functions/uploadPhoto","buildConfig":{"runtime":"nodejs22","entryPoint":"uploadPhoto","source":{"storageSource":{"bucket":"gcf-v2-sources-789147047426-us-central1","object":"uploadPhoto/function-source.zip","generation":"1750850025626761"}},"environmentVariables":{"GOOGLE_NODE_RUN_SCRIPTS":""},"dockerRepository":"projects/hssetech-e1710/locations/us-central1/repositories/gcf-artifacts","sourceProvenance":{"resolvedStorageSource":{"bucket":"gcf-v2-sources-789147047426-us-central1","object":"uploadPhoto/function-source.zip","generation":"1750842372725297"}},"dockerRegistry":"ARTIFACT_REGISTRY","serviceAccount":"projects/hssetech-e1710/serviceAccounts/789147047426-compute@developer.gserviceaccount.com","automaticUpdatePolicy":{}},"serviceConfig":{"service":"projects/hssetech-e1710/locations/us-central1/services/uploadphoto","timeoutSeconds":60,"environmentVariables":{"FIREBASE_CONFIG":"{\"projectId\":\"hssetech-e1710\",\"storageBucket\":\"hssetech-e1710.firebasestorage.app\"}","GCLOUD_PROJECT":"hssetech-e1710","EVENTARC_CLOUD_EVENT_SOURCE":"projects/hssetech-e1710/locations/us-central1/services/uploadPhoto","FUNCTION_TARGET":"uploadPhoto","LOG_EXECUTION_ID":"true"},"ingressSettings":"ALLOW_ALL","uri":"https://uploadphoto-gnpygj434a-uc.a.run.app","serviceAccountEmail":"789147047426-compute@developer.gserviceaccount.com","availableMemory":"256Mi","allTrafficOnLatestRevision":true,"revision":"uploadphoto-00001-juw","maxInstanceRequestConcurrency":80,"availableCpu":"1"},"state":"ACTIVE","labels":{"deployment-tool":"cli-firebase--project-idx","firebase-functions-hash":"15a6d18cf04f09904cd2065c196c9761c7b9c15b"},"environment":"GEN_2","url":"https://us-central1-hssetech-e1710.cloudfunctions.net/uploadPhoto","satisfiesPzi":true},"stages":[{"name":"BUILD","message":"Build in progress","state":"IN_PROGRESS","resource":"projects/789147047426/locations/us-central1/builds/2f989984-4118-4e29-9422-d4c6ebad28fe","resourceUri":"https://console.cloud.google.com/cloud-build/builds;region=us-central1/2f989984-4118-4e29-9422-d4c6ebad28fe?project=789147047426"},{"name":"SERVICE","state":"NOT_STARTED"}],"operationType":"UPDATE_FUNCTION","buildName":"projects/789147047426/locations/us-central1/builds/2f989984-4118-4e29-9422-d4c6ebad28fe"},"done":false}
[debug] [2025-06-25T11:14:15.588Z] [update-default-us-central1-uploadPhoto] Retrying task index 0
[debug] [2025-06-25T11:14:15.589Z] Checked if tokens are valid: true, expires at: 1750853593303
[debug] [2025-06-25T11:14:15.589Z] Checked if tokens are valid: true, expires at: 1750853593303
[debug] [2025-06-25T11:14:15.589Z] >>> [apiv2][query] GET https://cloudfunctions.googleapis.com/v2/projects/hssetech-e1710/locations/us-central1/operations/operation-1750850024740-6386389c795b2-e9c3aad4-a69f256c [none]
[debug] [2025-06-25T11:14:16.305Z] <<< [apiv2][status] GET https://cloudfunctions.googleapis.com/v2/projects/hssetech-e1710/locations/us-central1/operations/operation-1750850024740-6386389c795b2-e9c3aad4-a69f256c 200
[debug] [2025-06-25T11:14:16.306Z] <<< [apiv2][body] GET https://cloudfunctions.googleapis.com/v2/projects/hssetech-e1710/locations/us-central1/operations/operation-1750850024740-6386389c795b2-e9c3aad4-a69f256c {"name":"projects/hssetech-e1710/locations/us-central1/operations/operation-1750850024740-6386389c795b2-e9c3aad4-a69f256c","metadata":{"@type":"type.googleapis.com/google.cloud.functions.v2.OperationMetadata","createTime":"2025-06-25T11:13:45.711481167Z","target":"projects/hssetech-e1710/locations/us-central1/functions/uploadPhoto","verb":"update","cancelRequested":false,"apiVersion":"v2","requestResource":{"@type":"type.googleapis.com/google.cloud.functions.v2.Function","name":"projects/hssetech-e1710/locations/us-central1/functions/uploadPhoto","buildConfig":{"runtime":"nodejs22","entryPoint":"uploadPhoto","source":{"storageSource":{"bucket":"gcf-v2-sources-789147047426-us-central1","object":"uploadPhoto/function-source.zip","generation":"1750850025626761"}},"environmentVariables":{"GOOGLE_NODE_RUN_SCRIPTS":""},"dockerRepository":"projects/hssetech-e1710/locations/us-central1/repositories/gcf-artifacts","sourceProvenance":{"resolvedStorageSource":{"bucket":"gcf-v2-sources-789147047426-us-central1","object":"uploadPhoto/function-source.zip","generation":"1750842372725297"}},"dockerRegistry":"ARTIFACT_REGISTRY","serviceAccount":"projects/hssetech-e1710/serviceAccounts/789147047426-compute@developer.gserviceaccount.com","automaticUpdatePolicy":{}},"serviceConfig":{"service":"projects/hssetech-e1710/locations/us-central1/services/uploadphoto","timeoutSeconds":60,"environmentVariables":{"FIREBASE_CONFIG":"{\"projectId\":\"hssetech-e1710\",\"storageBucket\":\"hssetech-e1710.firebasestorage.app\"}","GCLOUD_PROJECT":"hssetech-e1710","EVENTARC_CLOUD_EVENT_SOURCE":"projects/hssetech-e1710/locations/us-central1/services/uploadPhoto","FUNCTION_TARGET":"uploadPhoto","LOG_EXECUTION_ID":"true"},"ingressSettings":"ALLOW_ALL","uri":"https://uploadphoto-gnpygj434a-uc.a.run.app","serviceAccountEmail":"789147047426-compute@developer.gserviceaccount.com","availableMemory":"256Mi","allTrafficOnLatestRevision":true,"revision":"uploadphoto-00001-juw","maxInstanceRequestConcurrency":80,"availableCpu":"1"},"state":"ACTIVE","labels":{"deployment-tool":"cli-firebase--project-idx","firebase-functions-hash":"15a6d18cf04f09904cd2065c196c9761c7b9c15b"},"environment":"GEN_2","url":"https://us-central1-hssetech-e1710.cloudfunctions.net/uploadPhoto","satisfiesPzi":true},"stages":[{"name":"BUILD","message":"Build in progress","state":"IN_PROGRESS","resource":"projects/789147047426/locations/us-central1/builds/2f989984-4118-4e29-9422-d4c6ebad28fe","resourceUri":"https://console.cloud.google.com/cloud-build/builds;region=us-central1/2f989984-4118-4e29-9422-d4c6ebad28fe?project=789147047426"},{"name":"SERVICE","state":"NOT_STARTED"}],"operationType":"UPDATE_FUNCTION","buildName":"projects/789147047426/locations/us-central1/builds/2f989984-4118-4e29-9422-d4c6ebad28fe"},"done":false}
[debug] [2025-06-25T11:14:26.311Z] [update-default-us-central1-uploadPhoto] Retrying task index 0
[debug] [2025-06-25T11:14:26.312Z] Checked if tokens are valid: true, expires at: 1750853593303
[debug] [2025-06-25T11:14:26.312Z] Checked if tokens are valid: true, expires at: 1750853593303
[debug] [2025-06-25T11:14:26.316Z] >>> [apiv2][query] GET https://cloudfunctions.googleapis.com/v2/projects/hssetech-e1710/locations/us-central1/operations/operation-1750850024740-6386389c795b2-e9c3aad4-a69f256c [none]
[debug] [2025-06-25T11:14:27.069Z] <<< [apiv2][status] GET https://cloudfunctions.googleapis.com/v2/projects/hssetech-e1710/locations/us-central1/operations/operation-1750850024740-6386389c795b2-e9c3aad4-a69f256c 200
[debug] [2025-06-25T11:14:27.074Z] <<< [apiv2][body] GET https://cloudfunctions.googleapis.com/v2/projects/hssetech-e1710/locations/us-central1/operations/operation-1750850024740-6386389c795b2-e9c3aad4-a69f256c {"name":"projects/hssetech-e1710/locations/us-central1/operations/operation-1750850024740-6386389c795b2-e9c3aad4-a69f256c","metadata":{"@type":"type.googleapis.com/google.cloud.functions.v2.OperationMetadata","createTime":"2025-06-25T11:13:45.711481167Z","target":"projects/hssetech-e1710/locations/us-central1/functions/uploadPhoto","verb":"update","cancelRequested":false,"apiVersion":"v2","requestResource":{"@type":"type.googleapis.com/google.cloud.functions.v2.Function","name":"projects/hssetech-e1710/locations/us-central1/functions/uploadPhoto","buildConfig":{"runtime":"nodejs22","entryPoint":"uploadPhoto","source":{"storageSource":{"bucket":"gcf-v2-sources-789147047426-us-central1","object":"uploadPhoto/function-source.zip","generation":"1750850025626761"}},"environmentVariables":{"GOOGLE_NODE_RUN_SCRIPTS":""},"dockerRepository":"projects/hssetech-e1710/locations/us-central1/repositories/gcf-artifacts","sourceProvenance":{"resolvedStorageSource":{"bucket":"gcf-v2-sources-789147047426-us-central1","object":"uploadPhoto/function-source.zip","generation":"1750842372725297"}},"dockerRegistry":"ARTIFACT_REGISTRY","serviceAccount":"projects/hssetech-e1710/serviceAccounts/789147047426-compute@developer.gserviceaccount.com","automaticUpdatePolicy":{}},"serviceConfig":{"service":"projects/hssetech-e1710/locations/us-central1/services/uploadphoto","timeoutSeconds":60,"environmentVariables":{"FIREBASE_CONFIG":"{\"projectId\":\"hssetech-e1710\",\"storageBucket\":\"hssetech-e1710.firebasestorage.app\"}","GCLOUD_PROJECT":"hssetech-e1710","EVENTARC_CLOUD_EVENT_SOURCE":"projects/hssetech-e1710/locations/us-central1/services/uploadPhoto","FUNCTION_TARGET":"uploadPhoto","LOG_EXECUTION_ID":"true"},"ingressSettings":"ALLOW_ALL","uri":"https://uploadphoto-gnpygj434a-uc.a.run.app","serviceAccountEmail":"789147047426-compute@developer.gserviceaccount.com","availableMemory":"256Mi","allTrafficOnLatestRevision":true,"revision":"uploadphoto-00001-juw","maxInstanceRequestConcurrency":80,"availableCpu":"1"},"state":"ACTIVE","labels":{"deployment-tool":"cli-firebase--project-idx","firebase-functions-hash":"15a6d18cf04f09904cd2065c196c9761c7b9c15b"},"environment":"GEN_2","url":"https://us-central1-hssetech-e1710.cloudfunctions.net/uploadPhoto","satisfiesPzi":true},"stages":[{"name":"BUILD","message":"Build in progress","state":"IN_PROGRESS","resource":"projects/789147047426/locations/us-central1/builds/2f989984-4118-4e29-9422-d4c6ebad28fe","resourceUri":"https://console.cloud.google.com/cloud-build/builds;region=us-central1/2f989984-4118-4e29-9422-d4c6ebad28fe?project=789147047426"},{"name":"SERVICE","state":"NOT_STARTED"}],"operationType":"UPDATE_FUNCTION","buildName":"projects/789147047426/locations/us-central1/builds/2f989984-4118-4e29-9422-d4c6ebad28fe"},"done":false}
[debug] [2025-06-25T11:14:37.076Z] [update-default-us-central1-uploadPhoto] Retrying task index 0
[debug] [2025-06-25T11:14:37.077Z] Checked if tokens are valid: true, expires at: 1750853593303
[debug] [2025-06-25T11:14:37.078Z] Checked if tokens are valid: true, expires at: 1750853593303
[debug] [2025-06-25T11:14:37.085Z] >>> [apiv2][query] GET https://cloudfunctions.googleapis.com/v2/projects/hssetech-e1710/locations/us-central1/operations/operation-1750850024740-6386389c795b2-e9c3aad4-a69f256c [none]
[debug] [2025-06-25T11:14:37.876Z] <<< [apiv2][status] GET https://cloudfunctions.googleapis.com/v2/projects/hssetech-e1710/locations/us-central1/operations/operation-1750850024740-6386389c795b2-e9c3aad4-a69f256c 200
[debug] [2025-06-25T11:14:37.878Z] <<< [apiv2][body] GET https://cloudfunctions.googleapis.com/v2/projects/hssetech-e1710/locations/us-central1/operations/operation-1750850024740-6386389c795b2-e9c3aad4-a69f256c {"name":"projects/hssetech-e1710/locations/us-central1/operations/operation-1750850024740-6386389c795b2-e9c3aad4-a69f256c","metadata":{"@type":"type.googleapis.com/google.cloud.functions.v2.OperationMetadata","createTime":"2025-06-25T11:13:45.711481167Z","endTime":"2025-06-25T11:14:31.226885713Z","target":"projects/hssetech-e1710/locations/us-central1/functions/uploadPhoto","verb":"update","cancelRequested":false,"apiVersion":"v2","requestResource":{"@type":"type.googleapis.com/google.cloud.functions.v2.Function","name":"projects/hssetech-e1710/locations/us-central1/functions/uploadPhoto","buildConfig":{"runtime":"nodejs22","entryPoint":"uploadPhoto","source":{"storageSource":{"bucket":"gcf-v2-sources-789147047426-us-central1","object":"uploadPhoto/function-source.zip","generation":"1750850025626761"}},"environmentVariables":{"GOOGLE_NODE_RUN_SCRIPTS":""},"dockerRepository":"projects/hssetech-e1710/locations/us-central1/repositories/gcf-artifacts","sourceProvenance":{"resolvedStorageSource":{"bucket":"gcf-v2-sources-789147047426-us-central1","object":"uploadPhoto/function-source.zip","generation":"1750842372725297"}},"dockerRegistry":"ARTIFACT_REGISTRY","serviceAccount":"projects/hssetech-e1710/serviceAccounts/789147047426-compute@developer.gserviceaccount.com","automaticUpdatePolicy":{}},"serviceConfig":{"service":"projects/hssetech-e1710/locations/us-central1/services/uploadphoto","timeoutSeconds":60,"environmentVariables":{"FIREBASE_CONFIG":"{\"projectId\":\"hssetech-e1710\",\"storageBucket\":\"hssetech-e1710.firebasestorage.app\"}","GCLOUD_PROJECT":"hssetech-e1710","EVENTARC_CLOUD_EVENT_SOURCE":"projects/hssetech-e1710/locations/us-central1/services/uploadPhoto","FUNCTION_TARGET":"uploadPhoto","LOG_EXECUTION_ID":"true"},"ingressSettings":"ALLOW_ALL","uri":"https://uploadphoto-gnpygj434a-uc.a.run.app","serviceAccountEmail":"789147047426-compute@developer.gserviceaccount.com","availableMemory":"256Mi","allTrafficOnLatestRevision":true,"revision":"uploadphoto-00001-juw","maxInstanceRequestConcurrency":80,"availableCpu":"1"},"state":"ACTIVE","labels":{"deployment-tool":"cli-firebase--project-idx","firebase-functions-hash":"15a6d18cf04f09904cd2065c196c9761c7b9c15b"},"environment":"GEN_2","url":"https://us-central1-hssetech-e1710.cloudfunctions.net/uploadPhoto","satisfiesPzi":true},"stages":[{"name":"SERVICE","state":"NOT_STARTED"}],"operationType":"UPDATE_FUNCTION"},"done":true,"error":{"code":3,"message":"Build failed with status: FAILURE and message: npm error code EUSAGE\nnpm error\nnpm error `npm ci` can only install packages when your package.json and package-lock.json or npm-shrinkwrap.json are in sync. Please update your lock file with `npm install` before continuing.\nnpm error\nnpm error Missing: busboy@1.6.0 from lock file\nnpm error Missing: streamsearch@1.1.0 from lock file\nnpm error\nnpm error Clean install a project\nnpm error\nnpm error Usage:\nnpm error npm ci\nnpm error\nnpm error Options:\nnpm error [--install-strategy <hoisted|nested|shallow|linked>] [--legacy-bundling]\nnpm error [--global-style] [--omit <dev|optional|peer> [--omit <dev|optional|peer> ...]]\nnpm error [--include <prod|dev|optional|peer> [--include <prod|dev|optional|peer> ...]]\nnpm error [--strict-peer-deps] [--foreground-scripts] [--ignore-scripts] [--no-audit]\nnpm error [--no-bin-links] [--no-fund] [--dry-run]\nnpm error [-w|--workspace <workspace-name> [-w|--workspace <workspace-name> ...]]\nnpm error [-ws|--workspaces] [--include-workspace-root] [--install-links]\nnpm error\nnpm error aliases: clean-install, ic, install-clean, isntall-clean\nnpm error\nnpm error Run \"npm help ci\" for more info\nnpm error A complete log of this run can be found in: /www-data-home/.npm/_logs/2025-06-25T11_14_09_991Z-debug-0.log. For more details see the logs at https://console.cloud.google.com/cloud-build/builds;region=us-central1/2f989984-4118-4e29-9422-d4c6ebad28fe?project=789147047426."}}
[debug] [2025-06-25T11:14:37.878Z] Got source token undefined for region us-central1
[error] Build failed with status: FAILURE and message: npm error code EUSAGE
npm error
npm error `npm ci` can only install packages when your package.json and package-lock.json or npm-shrinkwrap.json are in sync. Please update your lock file with `npm install` before continuing.
npm error
npm error Missing: busboy@1.6.0 from lock file
npm error Missing: streamsearch@1.1.0 from lock file
npm error
npm error Clean install a project
npm error
npm error Usage:
npm error npm ci
npm error
npm error Options:
npm error [--install-strategy <hoisted|nested|shallow|linked>] [--legacy-bundling]
npm error [--global-style] [--omit <dev|optional|peer> [--omit <dev|optional|peer> ...]]
npm error [--include <prod|dev|optional|peer> [--include <prod|dev|optional|peer> ...]]
npm error [--strict-peer-deps] [--foreground-scripts] [--ignore-scripts] [--no-audit]
npm error [--no-bin-links] [--no-fund] [--dry-run]
npm error [-w|--workspace <workspace-name> [-w|--workspace <workspace-name> ...]]
npm error [-ws|--workspaces] [--include-workspace-root] [--install-links]
npm error
npm error aliases: clean-install, ic, install-clean, isntall-clean
npm error
npm error Run "npm help ci" for more info
npm error A complete log of this run can be found in: /www-data-home/.npm/_logs/2025-06-25T11_14_09_991Z-debug-0.log. For more details see the logs at https://console.cloud.google.com/cloud-build/builds;region=us-central1/2f989984-4118-4e29-9422-d4c6ebad28fe?project=789147047426.
[debug] [2025-06-25T11:14:37.917Z] Total Function Deployment time: 53890
[debug] [2025-06-25T11:14:37.918Z] 1 Functions Deployed
[debug] [2025-06-25T11:14:37.918Z] 1 Functions Errored
[debug] [2025-06-25T11:14:37.918Z] 0 Function Deployments Aborted
[debug] [2025-06-25T11:14:37.919Z] Average Function Deployment time: 53882
[info] 
[info] Functions deploy had errors with the following functions:
	uploadPhoto(us-central1)
[debug] [2025-06-25T11:14:37.990Z] Not printing URL for HTTPS function. Typically this means it didn't match a filter or we failed deployment
[debug] [2025-06-25T11:14:38.002Z] Checked if tokens are valid: true, expires at: 1750853593303
[debug] [2025-06-25T11:14:38.002Z] Checked if tokens are valid: true, expires at: 1750853593303
[debug] [2025-06-25T11:14:38.004Z] >>> [apiv2][query] GET https://artifactregistry.googleapis.com/v1/projects/hssetech-e1710/locations/us-central1/repositories/gcf-artifacts [none]
[debug] [2025-06-25T11:14:38.740Z] <<< [apiv2][status] GET https://artifactregistry.googleapis.com/v1/projects/hssetech-e1710/locations/us-central1/repositories/gcf-artifacts 200
[debug] [2025-06-25T11:14:38.741Z] <<< [apiv2][body] GET https://artifactregistry.googleapis.com/v1/projects/hssetech-e1710/locations/us-central1/repositories/gcf-artifacts {"name":"projects/hssetech-e1710/locations/us-central1/repositories/gcf-artifacts","format":"DOCKER","description":"This repository is created and used by Cloud Functions for storing function docker images.","labels":{"goog-managed-by":"cloudfunctions"},"createTime":"2025-06-19T17:22:24.024629Z","updateTime":"2025-06-25T09:06:59.377927Z","mode":"STANDARD_REPOSITORY","cleanupPolicies":{"firebase-functions-cleanup":{"id":"firebase-functions-cleanup","action":"DELETE","condition":{"tagState":"ANY","olderThan":"86400s"}}},"sizeBytes":"287988002","vulnerabilityScanningConfig":{"lastEnableTime":"2025-06-19T17:22:15.121816014Z","enablementState":"SCANNING_DISABLED","enablementStateReason":"API containerscanning.googleapis.com is not enabled."},"satisfiesPzi":true,"registryUri":"us-central1-docker.pkg.dev/hssetech-e1710/gcf-artifacts"}
[debug] [2025-06-25T11:14:38.742Z] Functions deploy failed.
[debug] [2025-06-25T11:14:38.742Z] {
  "endpoint": {
    "id": "uploadPhoto",
    "project": "hssetech-e1710",
    "region": "us-central1",
    "entryPoint": "uploadPhoto",
    "platform": "gcfv2",
    "runtime": "nodejs22",
    "httpsTrigger": {},
    "labels": {
      "deployment-tool": "cli-firebase--project-idx"
    },
    "serviceAccount": null,
    "ingressSettings": null,
    "availableMemoryMb": null,
    "timeoutSeconds": null,
    "maxInstances": null,
    "minInstances": null,
    "concurrency": 80,
    "vpc": null,
    "environmentVariables": {
      "FIREBASE_CONFIG": "{\"projectId\":\"hssetech-e1710\",\"storageBucket\":\"hssetech-e1710.firebasestorage.app\"}",
      "GCLOUD_PROJECT": "hssetech-e1710",
      "EVENTARC_CLOUD_EVENT_SOURCE": "projects/hssetech-e1710/locations/us-central1/services/uploadPhoto",
      "FUNCTION_TARGET": "uploadPhoto",
      "LOG_EXECUTION_ID": "true"
    },
    "codebase": "default",
    "runServiceId": "uploadphoto",
    "cpu": 1,
    "securityLevel": "SECURE_ALWAYS",
    "targetedByOnly": false,
    "hash": "15a6d18cf04f09904cd2065c196c9761c7b9c15b"
  },
  "op": "update",
  "original": {
    "name": "FirebaseError",
    "children": [],
    "exit": 1,
    "message": "Build failed with status: FAILURE and message: npm error code EUSAGE\nnpm error\nnpm error `npm ci` can only install packages when your package.json and package-lock.json or npm-shrinkwrap.json are in sync. Please update your lock file with `npm install` before continuing.\nnpm error\nnpm error Missing: busboy@1.6.0 from lock file\nnpm error Missing: streamsearch@1.1.0 from lock file\nnpm error\nnpm error Clean install a project\nnpm error\nnpm error Usage:\nnpm error npm ci\nnpm error\nnpm error Options:\nnpm error [--install-strategy <hoisted|nested|shallow|linked>] [--legacy-bundling]\nnpm error [--global-style] [--omit <dev|optional|peer> [--omit <dev|optional|peer> ...]]\nnpm error [--include <prod|dev|optional|peer> [--include <prod|dev|optional|peer> ...]]\nnpm error [--strict-peer-deps] [--foreground-scripts] [--ignore-scripts] [--no-audit]\nnpm error [--no-bin-links] [--no-fund] [--dry-run]\nnpm error [-w|--workspace <workspace-name> [-w|--workspace <workspace-name> ...]]\nnpm error [-ws|--workspaces] [--include-workspace-root] [--install-links]\nnpm error\nnpm error aliases: clean-install, ic, install-clean, isntall-clean\nnpm error\nnpm error Run \"npm help ci\" for more info\nnpm error A complete log of this run can be found in: /www-data-home/.npm/_logs/2025-06-25T11_14_09_991Z-debug-0.log. For more details see the logs at https://console.cloud.google.com/cloud-build/builds;region=us-central1/2f989984-4118-4e29-9422-d4c6ebad28fe?project=789147047426.",
    "original": {
      "code": 3,
      "message": "Build failed with status: FAILURE and message: npm error code EUSAGE\nnpm error\nnpm error `npm ci` can only install packages when your package.json and package-lock.json or npm-shrinkwrap.json are in sync. Please update your lock file with `npm install` before continuing.\nnpm error\nnpm error Missing: busboy@1.6.0 from lock file\nnpm error Missing: streamsearch@1.1.0 from lock file\nnpm error\nnpm error Clean install a project\nnpm error\nnpm error Usage:\nnpm error npm ci\nnpm error\nnpm error Options:\nnpm error [--install-strategy <hoisted|nested|shallow|linked>] [--legacy-bundling]\nnpm error [--global-style] [--omit <dev|optional|peer> [--omit <dev|optional|peer> ...]]\nnpm error [--include <prod|dev|optional|peer> [--include <prod|dev|optional|peer> ...]]\nnpm error [--strict-peer-deps] [--foreground-scripts] [--ignore-scripts] [--no-audit]\nnpm error [--no-bin-links] [--no-fund] [--dry-run]\nnpm error [-w|--workspace <workspace-name> [-w|--workspace <workspace-name> ...]]\nnpm error [-ws|--workspaces] [--include-workspace-root] [--install-links]\nnpm error\nnpm error aliases: clean-install, ic, install-clean, isntall-clean\nnpm error\nnpm error Run \"npm help ci\" for more info\nnpm error A complete log of this run can be found in: /www-data-home/.npm/_logs/2025-06-25T11_14_09_991Z-debug-0.log. For more details see the logs at https://console.cloud.google.com/cloud-build/builds;region=us-central1/2f989984-4118-4e29-9422-d4c6ebad28fe?project=789147047426."
    },
    "status": 3,
    "code": 3
  }
}
[debug] [2025-06-25T11:14:38.806Z] Error: Failed to update function uploadPhoto in region us-central1
    at /nix/store/nh3zwzkz6wh6qa7bd2ywzr7irjij7j1i-firebase-tools-14.3.1/lib/node_modules/firebase-tools/lib/deploy/functions/release/fabricator.js:399:19
    at process.processTicksAndRejections (node:internal/process/task_queues:95:5)
    at async Fabricator.updateV2Function (/nix/store/nh3zwzkz6wh6qa7bd2ywzr7irjij7j1i-firebase-tools-14.3.1/lib/node_modules/firebase-tools/lib/deploy/functions/release/fabricator.js:388:32)
    at async Fabricator.updateEndpoint (/nix/store/nh3zwzkz6wh6qa7bd2ywzr7irjij7j1i-firebase-tools-14.3.1/lib/node_modules/firebase-tools/lib/deploy/functions/release/fabricator.js:155:13)
    at async handle (/nix/store/nh3zwzkz6wh6qa7bd2ywzr7irjij7j1i-firebase-tools-14.3.1/lib/node_modules/firebase-tools/lib/deploy/functions/release/fabricator.js:89:17)
[error] 
[error] Error: There was an error deploying functions
